2021-10-31 22:16:23.972797 <thread 4424> [info] [f:\cpp_code\vlcplayer\src\vlcplayer\socket.cpp:38] Connect server failed, Try to reconnection.....
2021-10-31 22:17:20.314087 <thread 15252> [info] [f:\cpp_code\vlcplayer\src\vlcplayer\socket.cpp:38] Connect server failed, Try to reconnection.....
2021-10-31 22:19:07.617929 <thread 14372> [info] [f:\cpp_code\vlcplayer\src\vlcplayer\socket.cpp:38] Connect server failed, Try to reconnection.....
2021-10-31 22:19:55.505656 <thread 10780> [info] [f:\cpp_code\vlcplayer\src\vlcplayer\socket.cpp:38] Connect server failed, Try to reconnection.....
2021-10-31 22:20:04.167003 <thread 10780> [info] [f:\cpp_code\vlcplayer\src\vlcplayer\socket.cpp:38] Connect server failed, Try to reconnection.....
2021-10-31 22:21:04.015012 <thread 6992> [info] [f:\cpp_code\vlcplayer\src\vlcplayer\socket.cpp:38] Connect server failed, Try to reconnection.....
2021-10-31 22:22:11.579853 <thread 8236> [info] [f:\cpp_code\vlcplayer\src\vlcplayer\socket.cpp:38] Connect server failed, Try to reconnection.....
2021-10-31 22:22:35.331750 <thread 8236> [info] [f:\cpp_code\vlcplayer\src\vlcplayer\socket.cpp:38] Connect server failed, Try to reconnection.....
2021-10-31 22:25:13.040101 <thread 4060> [info] [f:\cpp_code\vlcplayer\src\vlcplayer\socket.cpp:38] Connect server failed, Try to reconnection.....
2021-10-31 22:32:32.768518 <thread 8340> [info] [f:\cpp_code\vlcplayer\src\vlcplayer\socket.cpp:38] Connect server failed, Try to reconnection.....
2021-10-31 22:34:10.434008 <thread 9364> [error] [f:\cpp_code\vlcplayer\src\vlcplayer\getvideocontroller.cpp:53] get video file Errorbad allocation
2021-10-31 22:34:28.852521 <thread 2056> [info] [f:\cpp_code\vlcplayer\src\vlcplayer\upprogressthread.cpp:75] 上传文件:D:/test.mp4, 文件大小:4246316
2021-10-31 22:34:28.852889 <thread 2056> [info] [f:\cpp_code\vlcplayer\src\vlcplayer\socket.cpp:38] Connect server failed, Try to reconnection.....
2021-10-31 22:34:28.854551 <thread 2056> [info] [f:\cpp_code\vlcplayer\src\vlcplayer\socket.cpp:44] Connect server failed, Try to reconnection.....Failed
2021-10-31 22:34:28.855314 <thread 2056> [info] [f:\cpp_code\vlcplayer\src\vlcplayer\upprogressthread.cpp:82] 上传文件D:/test.mp4连接服务器失败！
2021-10-31 22:34:51.215540 <thread 13368> [info] [f:\cpp_code\vlcplayer\src\vlcplayer\upprogressthread.cpp:75] 上传文件:D:/test.mp4, 文件大小:4246316
2021-10-31 22:34:51.215893 <thread 13368> [info] [f:\cpp_code\vlcplayer\src\vlcplayer\socket.cpp:38] Connect server failed, Try to reconnection.....
2021-10-31 22:39:31.994526 <thread 844> [info] [f:\cpp_code\vlcplayer\src\vlcplayer\socket.cpp:38] Connect server failed, Try to reconnection.....
2021-10-31 22:41:08.561979 <thread 2700> [info] [f:\cpp_code\vlcplayer\src\vlcplayer\socket.cpp:38] Connect server failed, Try to reconnection.....
2021-10-31 22:48:04.752491 <thread 10980> [info] [f:\cpp_code\vlcplayer\src\vlcplayer\socket.cpp:38] Connect server failed, Try to reconnection.....
2021-10-31 22:48:50.347276 <thread 15836> [info] [f:\cpp_code\vlcplayer\src\vlcplayer\socket.cpp:38] Connect server failed, Try to reconnection.....
2021-10-31 23:02:16.373191 <thread 11596> [info] [f:\cpp_code\vlcplayer\src\vlcplayer\socket.cpp:38] Connect server failed, Try to reconnection.....
2021-10-31 23:03:09.912747 <thread 7204> [info] [f:\cpp_code\vlcplayer\src\vlcplayer\socket.cpp:38] Connect server failed, Try to reconnection.....
2021-10-31 23:05:37.057530 <thread 2480> [info] [f:\cpp_code\vlcplayer\src\vlcplayer\socket.cpp:38] Connect server failed, Try to reconnection.....
2021-10-31 23:14:26.458064 <thread 13004> [info] [f:\cpp_code\vlcplayer\src\vlcplayer\socket.cpp:38] Connect server failed, Try to reconnection.....
2021-10-31 23:15:55.603860 <thread 8224> [info] [f:\cpp_code\vlcplayer\src\vlcplayer\socket.cpp:38] Connect server failed, Try to reconnection.....
2021-10-31 23:16:50.960570 <thread 1044> [info] [f:\cpp_code\vlcplayer\src\vlcplayer\socket.cpp:38] Connect server failed, Try to reconnection.....
2021-10-31 23:18:26.632124 <thread 14536> [info] [f:\cpp_code\vlcplayer\src\vlcplayer\socket.cpp:38] Connect server failed, Try to reconnection.....
2021-10-31 23:20:54.714438 <thread 13180> [info] [f:\cpp_code\vlcplayer\src\vlcplayer\socket.cpp:38] Connect server failed, Try to reconnection.....
2021-10-31 23:22:31.338375 <thread 9912> [info] [f:\cpp_code\vlcplayer\src\vlcplayer\socket.cpp:38] Connect server failed, Try to reconnection.....
2021-10-31 23:31:01.481609 <thread 11764> [info] [f:\cpp_code\vlcplayer\src\vlcplayer\socket.cpp:38] Connect server failed, Try to reconnection.....
2021-10-31 23:32:32.206358 <thread 13300> [info] [f:\cpp_code\vlcplayer\src\vlcplayer\socket.cpp:38] Connect server failed, Try to reconnection.....
2021-10-31 23:34:21.007771 <thread 3984> [info] [f:\cpp_code\vlcplayer\src\vlcplayer\socket.cpp:38] Connect server failed, Try to reconnection.....
2021-10-31 23:34:33.989457 <thread 5356> [info] [f:\cpp_code\vlcplayer\src\vlcplayer\socket.cpp:142] Send error Try to ReConnecttion...
2021-10-31 23:34:33.989825 <thread 5356> [info] [f:\cpp_code\vlcplayer\src\vlcplayer\socket.cpp:38] Connect server failed, Try to reconnection.....
2021-10-31 23:34:33.990014 <thread 5356> [info] [f:\cpp_code\vlcplayer\src\vlcplayer\socket.cpp:145] Send error Try to ReConnecttion...Success
2021-10-31 23:34:33.990261 <thread 5356> [info] [f:\cpp_code\vlcplayer\src\vlcplayer\socket.cpp:142] Send error Try to ReConnecttion...
2021-10-31 23:34:33.990528 <thread 5356> [info] [f:\cpp_code\vlcplayer\src\vlcplayer\socket.cpp:38] Connect server failed, Try to reconnection.....
2021-10-31 23:34:33.992428 <thread 5356> [info] [f:\cpp_code\vlcplayer\src\vlcplayer\socket.cpp:44] Connect server failed, Try to reconnection.....Failed
2021-10-31 23:34:33.992458 <thread 5356> [info] [f:\cpp_code\vlcplayer\src\vlcplayer\socket.cpp:150] Send error Try to ReConnecttion...Error
2021-10-31 23:35:22.280068 <thread 9524> [info] [f:\cpp_code\vlcplayer\src\vlcplayer\socket.cpp:38] Connect server failed, Try to reconnection.....
2021-10-31 23:38:32.347940 <thread 13976> [info] [f:\cpp_code\vlcplayer\src\vlcplayer\socket.cpp:38] Connect server failed, Try to reconnection.....
2021-10-31 23:44:09.094479 <thread 15188> [info] [f:\cpp_code\vlcplayer\src\vlcplayer\socket.cpp:38] Connect server failed, Try to reconnection.....
2021-10-31 23:44:24.207555 <thread 6976> [info] [f:\cpp_code\vlcplayer\src\vlcplayer\upprogressthread.cpp:75] 上传文件:D:/1.mp4, 文件大小:59149201
2021-10-31 23:44:24.208009 <thread 6976> [info] [f:\cpp_code\vlcplayer\src\vlcplayer\socket.cpp:38] Connect server failed, Try to reconnection.....
2021-10-31 23:47:37.552483 <thread 9332> [info] [f:\cpp_code\vlcplayer\src\vlcplayer\socket.cpp:38] Connect server failed, Try to reconnection.....
2021-10-31 23:51:16.750647 <thread 14600> [info] [f:\cpp_code\vlcplayer\src\vlcplayer\socket.cpp:38] Connect server failed, Try to reconnection.....
2021-10-31 23:53:00.275607 <thread 14776> [info] [f:\cpp_code\vlcplayer\src\vlcplayer\socket.cpp:38] Connect server failed, Try to reconnection.....
2021-10-31 23:54:37.729173 <thread 13828> [info] [f:\cpp_code\vlcplayer\src\vlcplayer\socket.cpp:38] Connect server failed, Try to reconnection.....
2021-10-31 23:58:20.423372 <thread 12748> [info] [f:\cpp_code\vlcplayer\src\vlcplayer\socket.cpp:38] Connect server failed, Try to reconnection.....
2021-10-31 23:59:20.705904 <thread 14764> [info] [f:\cpp_code\vlcplayer\src\vlcplayer\socket.cpp:38] Connect server failed, Try to reconnection.....
