2021-10-29 00:01:07.130510 <thread 8384> [info] [f:\cpp_code\vlcplayer\src\vlcplayer\upprogressthread.cpp:75] 上传文件:D:/test.mp4, 文件大小:4246316
2021-10-29 00:01:07.133100 <thread 8384> [info] [f:\cpp_code\vlcplayer\src\vlcplayer\socket.cpp:38] Connect server failed, Try to reconnection.....
2021-10-29 00:02:56.674817 <thread 8688> [info] [f:\cpp_code\vlcplayer\src\vlcplayer\upprogressthread.cpp:75] 上传文件:D:/test.mp4, 文件大小:4246316
2021-10-29 00:02:56.677468 <thread 8688> [info] [f:\cpp_code\vlcplayer\src\vlcplayer\socket.cpp:38] Connect server failed, Try to reconnection.....
2021-10-29 00:05:48.165597 <thread 11420> [info] [f:\cpp_code\vlcplayer\src\vlcplayer\upprogressthread.cpp:75] 上传文件:D:/test.mp4, 文件大小:4246316
2021-10-29 00:05:48.168340 <thread 11420> [info] [f:\cpp_code\vlcplayer\src\vlcplayer\socket.cpp:38] Connect server failed, Try to reconnection.....
2021-10-29 00:05:48.169464 <thread 11420> [info] [f:\cpp_code\vlcplayer\src\vlcplayer\socket.cpp:44] Connect server failed, Try to reconnection.....Failed
2021-10-29 00:05:48.169617 <thread 11420> [info] [f:\cpp_code\vlcplayer\src\vlcplayer\upprogressthread.cpp:83] 上传文件D:/test.mp4连接服务器失败！
2021-10-29 00:05:52.585832 <thread 10776> [info] [f:\cpp_code\vlcplayer\src\vlcplayer\upprogressthread.cpp:75] 上传文件:D:/test.mp4, 文件大小:4246316
2021-10-29 00:05:52.586204 <thread 10776> [info] [f:\cpp_code\vlcplayer\src\vlcplayer\socket.cpp:38] Connect server failed, Try to reconnection.....
2021-10-29 00:07:49.534692 <thread 15752> [info] [f:\cpp_code\vlcplayer\src\vlcplayer\upprogressthread.cpp:75] 上传文件:D:/test.mp4, 文件大小:4246316
2021-10-29 00:07:49.542446 <thread 15752> [info] [f:\cpp_code\vlcplayer\src\vlcplayer\socket.cpp:38] Connect server failed, Try to reconnection.....
2021-10-29 00:13:37.631603 <thread 12516> [info] [f:\cpp_code\vlcplayer\src\vlcplayer\upprogressthread.cpp:75] 上传文件:D:/test.mp4, 文件大小:4246316
2021-10-29 00:13:37.633939 <thread 12516> [info] [f:\cpp_code\vlcplayer\src\vlcplayer\socket.cpp:38] Connect server failed, Try to reconnection.....
2021-10-29 00:13:37.635566 <thread 12516> [info] [f:\cpp_code\vlcplayer\src\vlcplayer\socket.cpp:44] Connect server failed, Try to reconnection.....Failed
2021-10-29 00:13:37.635724 <thread 12516> [info] [f:\cpp_code\vlcplayer\src\vlcplayer\upprogressthread.cpp:83] 上传文件D:/test.mp4连接服务器失败！
2021-10-29 00:13:42.084279 <thread 12032> [info] [f:\cpp_code\vlcplayer\src\vlcplayer\upprogressthread.cpp:75] 上传文件:D:/test.mp4, 文件大小:4246316
2021-10-29 00:13:42.084624 <thread 12032> [info] [f:\cpp_code\vlcplayer\src\vlcplayer\socket.cpp:38] Connect server failed, Try to reconnection.....
2021-10-29 00:13:42.086593 <thread 12032> [info] [f:\cpp_code\vlcplayer\src\vlcplayer\socket.cpp:44] Connect server failed, Try to reconnection.....Failed
2021-10-29 00:13:42.086722 <thread 12032> [info] [f:\cpp_code\vlcplayer\src\vlcplayer\upprogressthread.cpp:83] 上传文件D:/test.mp4连接服务器失败！
2021-10-29 00:13:46.297756 <thread 7432> [info] [f:\cpp_code\vlcplayer\src\vlcplayer\upprogressthread.cpp:75] 上传文件:D:/test.mp4, 文件大小:4246316
2021-10-29 00:13:46.298008 <thread 7432> [info] [f:\cpp_code\vlcplayer\src\vlcplayer\socket.cpp:38] Connect server failed, Try to reconnection.....
2021-10-29 00:13:46.299396 <thread 7432> [info] [f:\cpp_code\vlcplayer\src\vlcplayer\socket.cpp:44] Connect server failed, Try to reconnection.....Failed
2021-10-29 00:13:46.299516 <thread 7432> [info] [f:\cpp_code\vlcplayer\src\vlcplayer\upprogressthread.cpp:83] 上传文件D:/test.mp4连接服务器失败！
2021-10-29 00:14:13.884365 <thread 11584> [info] [f:\cpp_code\vlcplayer\src\vlcplayer\upprogressthread.cpp:75] 上传文件:D:/test.mp4, 文件大小:4246316
2021-10-29 00:14:13.886256 <thread 11584> [info] [f:\cpp_code\vlcplayer\src\vlcplayer\socket.cpp:38] Connect server failed, Try to reconnection.....
2021-10-29 00:14:13.887831 <thread 11584> [info] [f:\cpp_code\vlcplayer\src\vlcplayer\socket.cpp:44] Connect server failed, Try to reconnection.....Failed
2021-10-29 00:14:13.887979 <thread 11584> [info] [f:\cpp_code\vlcplayer\src\vlcplayer\upprogressthread.cpp:83] 上传文件D:/test.mp4连接服务器失败！
2021-10-29 00:14:18.129842 <thread 11804> [info] [f:\cpp_code\vlcplayer\src\vlcplayer\upprogressthread.cpp:75] 上传文件:D:/test.mp4, 文件大小:4246316
2021-10-29 00:14:18.130279 <thread 11804> [info] [f:\cpp_code\vlcplayer\src\vlcplayer\socket.cpp:38] Connect server failed, Try to reconnection.....
2021-10-29 00:14:18.131571 <thread 11804> [info] [f:\cpp_code\vlcplayer\src\vlcplayer\socket.cpp:44] Connect server failed, Try to reconnection.....Failed
2021-10-29 00:14:18.131794 <thread 11804> [info] [f:\cpp_code\vlcplayer\src\vlcplayer\upprogressthread.cpp:83] 上传文件D:/test.mp4连接服务器失败！
2021-10-29 00:15:22.931844 <thread 5932> [info] [f:\cpp_code\vlcplayer\src\vlcplayer\upprogressthread.cpp:75] 上传文件:D:/test.mp4, 文件大小:4246316
2021-10-29 00:15:22.934674 <thread 5932> [info] [f:\cpp_code\vlcplayer\src\vlcplayer\socket.cpp:38] Connect server failed, Try to reconnection.....
2021-10-29 00:17:28.121584 <thread 9372> [info] [f:\cpp_code\vlcplayer\src\vlcplayer\upprogressthread.cpp:75] 上传文件:D:/test.mp4, 文件大小:4246316
2021-10-29 00:17:28.124564 <thread 9372> [info] [f:\cpp_code\vlcplayer\src\vlcplayer\socket.cpp:38] Connect server failed, Try to reconnection.....
2021-10-29 00:17:28.125731 <thread 9372> [info] [f:\cpp_code\vlcplayer\src\vlcplayer\socket.cpp:44] Connect server failed, Try to reconnection.....Failed
2021-10-29 00:17:28.125910 <thread 9372> [info] [f:\cpp_code\vlcplayer\src\vlcplayer\upprogressthread.cpp:83] 上传文件D:/test.mp4连接服务器失败！
2021-10-29 00:17:35.178446 <thread 3832> [info] [f:\cpp_code\vlcplayer\src\vlcplayer\upprogressthread.cpp:75] 上传文件:D:/test.mp4, 文件大小:4246316
2021-10-29 00:17:35.178871 <thread 3832> [info] [f:\cpp_code\vlcplayer\src\vlcplayer\socket.cpp:38] Connect server failed, Try to reconnection.....
2021-10-29 00:21:02.619968 <thread 13316> [info] [f:\cpp_code\vlcplayer\src\vlcplayer\upprogressthread.cpp:75] 上传文件:D:/????/??????/3-C++11 ??????.mp4, 文件大小:10008765
2021-10-29 00:21:02.621906 <thread 13316> [info] [f:\cpp_code\vlcplayer\src\vlcplayer\socket.cpp:38] Connect server failed, Try to reconnection.....
2021-10-29 00:21:02.622458 <thread 13316> [info] [f:\cpp_code\vlcplayer\src\vlcplayer\socket.cpp:44] Connect server failed, Try to reconnection.....Failed
2021-10-29 00:21:02.622601 <thread 13316> [info] [f:\cpp_code\vlcplayer\src\vlcplayer\upprogressthread.cpp:83] 上传文件D:/????/??????/3-C++11 ??????.mp4连接服务器失败！
2021-10-29 00:21:14.715846 <thread 14688> [info] [f:\cpp_code\vlcplayer\src\vlcplayer\upprogressthread.cpp:75] 上传文件:D:/????/??????/26-C++11 ???-??.mp4, 文件大小:23291275
2021-10-29 00:21:14.716240 <thread 14688> [info] [f:\cpp_code\vlcplayer\src\vlcplayer\socket.cpp:38] Connect server failed, Try to reconnection.....
2021-10-29 00:21:26.562887 <thread 11548> [info] [f:\cpp_code\vlcplayer\src\vlcplayer\upprogressthread.cpp:75] 上传文件:D:/????/??????/17-C++11 future ??.mp4, 文件大小:10509620
2021-10-29 00:21:26.564763 <thread 11548> [info] [f:\cpp_code\vlcplayer\src\vlcplayer\socket.cpp:38] Connect server failed, Try to reconnection.....
2021-10-29 00:21:26.566100 <thread 11548> [info] [f:\cpp_code\vlcplayer\src\vlcplayer\socket.cpp:44] Connect server failed, Try to reconnection.....Failed
2021-10-29 00:21:26.566383 <thread 11548> [info] [f:\cpp_code\vlcplayer\src\vlcplayer\upprogressthread.cpp:83] 上传文件D:/????/??????/17-C++11 future ??.mp4连接服务器失败！
2021-10-29 00:21:34.022292 <thread 9688> [info] [f:\cpp_code\vlcplayer\src\vlcplayer\upprogressthread.cpp:75] 上传文件:D:/????/??????/37-????? ????-1.mp4, 文件大小:32981395
2021-10-29 00:21:34.022761 <thread 9688> [info] [f:\cpp_code\vlcplayer\src\vlcplayer\socket.cpp:38] Connect server failed, Try to reconnection.....
2021-10-29 00:27:18.041341 <thread 16044> [info] [f:\cpp_code\vlcplayer\src\vlcplayer\upprogressthread.cpp:75] 上传文件:D:/????/??????/33-Libevent??????????.mp4, 文件大小:38755751
2021-10-29 00:27:18.043752 <thread 16044> [info] [f:\cpp_code\vlcplayer\src\vlcplayer\socket.cpp:38] Connect server failed, Try to reconnection.....
2021-10-29 00:28:45.832732 <thread 1852> [info] [f:\cpp_code\vlcplayer\src\vlcplayer\upprogressthread.cpp:75] 上传文件:D:/????/??????/37-????? ????-1 (??????).mp4, 文件大小:5801988
2021-10-29 00:28:45.835269 <thread 1852> [info] [f:\cpp_code\vlcplayer\src\vlcplayer\socket.cpp:38] Connect server failed, Try to reconnection.....
2021-10-29 00:28:45.835350 <thread 1852> [info] [f:\cpp_code\vlcplayer\src\vlcplayer\socket.cpp:44] Connect server failed, Try to reconnection.....Failed
2021-10-29 00:28:45.835492 <thread 1852> [info] [f:\cpp_code\vlcplayer\src\vlcplayer\upprogressthread.cpp:83] 上传文件D:/????/??????/37-????? ????-1 (??????).mp4连接服务器失败！
2021-10-29 00:28:53.510702 <thread 16280> [info] [f:\cpp_code\vlcplayer\src\vlcplayer\upprogressthread.cpp:75] 上传文件:D:/????/??????/47-??????-1.mp4, 文件大小:33618275
2021-10-29 00:28:53.511112 <thread 16280> [info] [f:\cpp_code\vlcplayer\src\vlcplayer\socket.cpp:38] Connect server failed, Try to reconnection.....
2021-10-29 00:28:53.511278 <thread 16280> [info] [f:\cpp_code\vlcplayer\src\vlcplayer\socket.cpp:44] Connect server failed, Try to reconnection.....Failed
2021-10-29 00:28:53.511424 <thread 16280> [info] [f:\cpp_code\vlcplayer\src\vlcplayer\upprogressthread.cpp:83] 上传文件D:/????/??????/47-??????-1.mp4连接服务器失败！
2021-10-29 00:29:00.242572 <thread 11584> [info] [f:\cpp_code\vlcplayer\src\vlcplayer\upprogressthread.cpp:75] 上传文件:D:/????/??????/52-??????????????.mp4, 文件大小:26699801
2021-10-29 00:29:00.242909 <thread 11584> [info] [f:\cpp_code\vlcplayer\src\vlcplayer\socket.cpp:38] Connect server failed, Try to reconnection.....
2021-10-29 00:33:33.700353 <thread 2256> [info] [f:\cpp_code\vlcplayer\src\vlcplayer\upprogressthread.cpp:75] 上传文件:D:/????/??????/51-Nginx?????????.mp4, 文件大小:29440508
2021-10-29 00:33:33.702641 <thread 2256> [info] [f:\cpp_code\vlcplayer\src\vlcplayer\socket.cpp:38] Connect server failed, Try to reconnection.....
2021-10-29 00:33:33.703769 <thread 2256> [info] [f:\cpp_code\vlcplayer\src\vlcplayer\socket.cpp:44] Connect server failed, Try to reconnection.....Failed
2021-10-29 00:33:33.703958 <thread 2256> [info] [f:\cpp_code\vlcplayer\src\vlcplayer\upprogressthread.cpp:83] 上传文件D:/????/??????/51-Nginx?????????.mp4连接服务器失败！
2021-10-29 00:33:38.273823 <thread 11592> [info] [f:\cpp_code\vlcplayer\src\vlcplayer\upprogressthread.cpp:75] 上传文件:D:/????/??????/51-Nginx?????????.mp4, 文件大小:29440508
2021-10-29 00:33:38.274261 <thread 11592> [info] [f:\cpp_code\vlcplayer\src\vlcplayer\socket.cpp:38] Connect server failed, Try to reconnection.....
2021-10-29 00:34:33.560994 <thread 11592> [info] [f:\cpp_code\vlcplayer\src\vlcplayer\upprogressthread.cpp:170] UP File ErrorUpFile Error : File Exits
2021-10-29 00:35:37.383376 <thread 10040> [info] [f:\cpp_code\vlcplayer\src\vlcplayer\upprogressthread.cpp:75] 上传文件:D:/????/??????/42-mysql ??.mp4, 文件大小:66717686
2021-10-29 00:35:37.385811 <thread 10040> [info] [f:\cpp_code\vlcplayer\src\vlcplayer\socket.cpp:38] Connect server failed, Try to reconnection.....
2021-10-29 00:35:37.441831 <thread 10040> [info] [f:\cpp_code\vlcplayer\src\vlcplayer\upprogressthread.cpp:170] UP File ErrorUpFile Error : File Exits
2021-10-29 00:36:10.817207 <thread 14496> [info] [f:\cpp_code\vlcplayer\src\vlcplayer\upprogressthread.cpp:75] 上传文件:D:/????/??????/1-????.mp4, 文件大小:38783551
2021-10-29 00:36:10.817671 <thread 14496> [info] [f:\cpp_code\vlcplayer\src\vlcplayer\socket.cpp:38] Connect server failed, Try to reconnection.....
2021-10-29 00:36:39.887532 <thread 14496> [info] [f:\cpp_code\vlcplayer\src\vlcplayer\upprogressthread.cpp:170] UP File Error Write File Error
2021-10-29 00:37:18.508991 <thread 10808> [info] [f:\cpp_code\vlcplayer\src\vlcplayer\upprogressthread.cpp:75] 上传文件:D:/????/??????/38-????? ????-2 (??????).mp4, 文件大小:10207409
2021-10-29 00:37:18.509370 <thread 10808> [info] [f:\cpp_code\vlcplayer\src\vlcplayer\socket.cpp:38] Connect server failed, Try to reconnection.....
2021-10-29 00:39:25.735172 <thread 10808> [info] [f:\cpp_code\vlcplayer\src\vlcplayer\upprogressthread.cpp:170] UP File ErrorUpFile Error : File Exits
2021-10-29 00:39:44.828439 <thread 15392> [info] [f:\cpp_code\vlcplayer\src\vlcplayer\upprogressthread.cpp:75] 上传文件:D:/test.mp4, 文件大小:4246316
2021-10-29 00:39:44.828843 <thread 15392> [info] [f:\cpp_code\vlcplayer\src\vlcplayer\socket.cpp:38] Connect server failed, Try to reconnection.....
2021-10-29 00:39:55.555724 <thread 15392> [info] [f:\cpp_code\vlcplayer\src\vlcplayer\upprogressthread.cpp:170] UP File ErrorUpFile Error : File Exits
2021-10-29 00:40:15.589027 <thread 14752> [info] [f:\cpp_code\vlcplayer\src\vlcplayer\upprogressthread.cpp:75] 上传文件:D:/test.mp4, 文件大小:4246316
2021-10-29 00:40:15.589446 <thread 14752> [info] [f:\cpp_code\vlcplayer\src\vlcplayer\socket.cpp:38] Connect server failed, Try to reconnection.....
2021-10-29 00:40:15.643155 <thread 14752> [info] [f:\cpp_code\vlcplayer\src\vlcplayer\upprogressthread.cpp:170] UP File ErrorUpFile Error : File Exits
2021-10-29 00:40:32.968748 <thread 13048> [info] [f:\cpp_code\vlcplayer\src\vlcplayer\upprogressthread.cpp:75] 上传文件:D:/test.mp4, 文件大小:4246316
2021-10-29 00:40:32.969121 <thread 13048> [info] [f:\cpp_code\vlcplayer\src\vlcplayer\socket.cpp:38] Connect server failed, Try to reconnection.....
2021-10-29 00:40:32.970358 <thread 13048> [info] [f:\cpp_code\vlcplayer\src\vlcplayer\socket.cpp:44] Connect server failed, Try to reconnection.....Failed
2021-10-29 00:40:32.970462 <thread 13048> [info] [f:\cpp_code\vlcplayer\src\vlcplayer\upprogressthread.cpp:83] 上传文件D:/test.mp4连接服务器失败！
2021-10-29 00:40:37.062172 <thread 1984> [info] [f:\cpp_code\vlcplayer\src\vlcplayer\upprogressthread.cpp:75] 上传文件:D:/test.mp4, 文件大小:4246316
2021-10-29 00:40:37.062552 <thread 1984> [info] [f:\cpp_code\vlcplayer\src\vlcplayer\socket.cpp:38] Connect server failed, Try to reconnection.....
2021-10-29 00:41:09.511576 <thread 1984> [info] [f:\cpp_code\vlcplayer\src\vlcplayer\socket.cpp:142] Send error Try to ReConnecttion...
2021-10-29 00:41:09.512008 <thread 1984> [info] [f:\cpp_code\vlcplayer\src\vlcplayer\socket.cpp:38] Connect server failed, Try to reconnection.....
2021-10-29 00:41:09.512585 <thread 1984> [info] [f:\cpp_code\vlcplayer\src\vlcplayer\socket.cpp:44] Connect server failed, Try to reconnection.....Failed
2021-10-29 00:41:09.512593 <thread 1984> [info] [f:\cpp_code\vlcplayer\src\vlcplayer\socket.cpp:150] Send error Try to ReConnecttion...Error
2021-10-29 00:41:09.512667 <thread 1984> [info] [f:\cpp_code\vlcplayer\src\vlcplayer\upprogressthread.cpp:159] Recv Server Up File Msg Error
2021-10-29 00:44:27.120347 <thread 2120> [info] [f:\cpp_code\vlcplayer\src\vlcplayer\upprogressthread.cpp:75] 上传文件:D:/????/??????/6-C++11 ??????.mp4, 文件大小:1729265
2021-10-29 00:44:27.124870 <thread 2120> [info] [f:\cpp_code\vlcplayer\src\vlcplayer\socket.cpp:38] Connect server failed, Try to reconnection.....
2021-10-29 00:46:22.175599 <thread 14816> [info] [f:\cpp_code\vlcplayer\src\vlcplayer\upprogressthread.cpp:75] 上传文件:D:/????/??????/43-mysql ??.mp4, 文件大小:10884152
2021-10-29 00:46:22.178528 <thread 14816> [info] [f:\cpp_code\vlcplayer\src\vlcplayer\socket.cpp:38] Connect server failed, Try to reconnection.....
2021-10-29 00:46:22.179990 <thread 14816> [info] [f:\cpp_code\vlcplayer\src\vlcplayer\socket.cpp:44] Connect server failed, Try to reconnection.....Failed
2021-10-29 00:46:22.180432 <thread 14816> [info] [f:\cpp_code\vlcplayer\src\vlcplayer\upprogressthread.cpp:83] 上传文件D:/????/??????/43-mysql ??.mp4连接服务器失败！
2021-10-29 00:46:30.201339 <thread 14192> [info] [f:\cpp_code\vlcplayer\src\vlcplayer\upprogressthread.cpp:75] 上传文件:D:/????/??????/51-Nginx?????????.mp4, 文件大小:29440508
2021-10-29 00:46:30.202215 <thread 14192> [info] [f:\cpp_code\vlcplayer\src\vlcplayer\socket.cpp:38] Connect server failed, Try to reconnection.....
2021-10-29 00:46:36.057385 <thread 5244> [info] [f:\cpp_code\vlcplayer\src\vlcplayer\upprogressthread.cpp:75] 上传文件:D:/????/??????/11-C++11 ?-4.mp4, 文件大小:7660499
2021-10-29 00:46:36.059439 <thread 5244> [info] [f:\cpp_code\vlcplayer\src\vlcplayer\socket.cpp:38] Connect server failed, Try to reconnection.....
2021-10-29 00:46:36.061187 <thread 5244> [info] [f:\cpp_code\vlcplayer\src\vlcplayer\socket.cpp:44] Connect server failed, Try to reconnection.....Failed
2021-10-29 00:46:36.061528 <thread 5244> [info] [f:\cpp_code\vlcplayer\src\vlcplayer\upprogressthread.cpp:83] 上传文件D:/????/??????/11-C++11 ?-4.mp4连接服务器失败！
2021-10-29 00:46:40.117777 <thread 12732> [info] [f:\cpp_code\vlcplayer\src\vlcplayer\upprogressthread.cpp:75] 上传文件:D:/????/??????/11-C++11 ?-4.mp4, 文件大小:7660499
2021-10-29 00:46:40.118172 <thread 12732> [info] [f:\cpp_code\vlcplayer\src\vlcplayer\socket.cpp:38] Connect server failed, Try to reconnection.....
2021-10-29 00:47:28.441629 <thread 2240> [info] [f:\cpp_code\vlcplayer\src\vlcplayer\upprogressthread.cpp:75] 上传文件:D:/????/??????/11-C++11 ?-4.mp4, 文件大小:7660499
2021-10-29 00:47:28.443784 <thread 2240> [info] [f:\cpp_code\vlcplayer\src\vlcplayer\socket.cpp:38] Connect server failed, Try to reconnection.....
2021-10-29 00:47:28.444905 <thread 2240> [info] [f:\cpp_code\vlcplayer\src\vlcplayer\socket.cpp:44] Connect server failed, Try to reconnection.....Failed
2021-10-29 00:47:28.445270 <thread 2240> [info] [f:\cpp_code\vlcplayer\src\vlcplayer\upprogressthread.cpp:83] 上传文件D:/????/??????/11-C++11 ?-4.mp4连接服务器失败！
2021-10-29 00:47:40.317844 <thread 12868> [info] [f:\cpp_code\vlcplayer\src\vlcplayer\upprogressthread.cpp:75] 上传文件:D:/????/??????/11-C++11 ?-4.mp4, 文件大小:7660499
2021-10-29 00:47:40.318631 <thread 12868> [info] [f:\cpp_code\vlcplayer\src\vlcplayer\socket.cpp:38] Connect server failed, Try to reconnection.....
2021-10-29 00:48:00.702077 <thread 12868> [info] [f:\cpp_code\vlcplayer\src\vlcplayer\socket.cpp:142] Send error Try to ReConnecttion...
2021-10-29 00:48:00.702335 <thread 14192> [info] [f:\cpp_code\vlcplayer\src\vlcplayer\socket.cpp:142] Send error Try to ReConnecttion...
2021-10-29 00:48:00.702406 <thread 12868> [info] [f:\cpp_code\vlcplayer\src\vlcplayer\socket.cpp:38] Connect server failed, Try to reconnection.....
2021-10-29 00:48:00.702626 <thread 14192> [info] [f:\cpp_code\vlcplayer\src\vlcplayer\socket.cpp:38] Connect server failed, Try to reconnection.....
2021-10-29 00:48:00.702825 <thread 14192> [info] [f:\cpp_code\vlcplayer\src\vlcplayer\socket.cpp:145] Send error Try to ReConnecttion...Success
2021-10-29 00:48:00.703135 <thread 12868> [info] [f:\cpp_code\vlcplayer\src\vlcplayer\socket.cpp:142] Send error Try to ReConnecttion...
2021-10-29 00:48:00.703199 <thread 14192> [info] [f:\cpp_code\vlcplayer\src\vlcplayer\socket.cpp:142] Send error Try to ReConnecttion...
2021-10-29 00:48:00.703383 <thread 12868> [info] [f:\cpp_code\vlcplayer\src\vlcplayer\socket.cpp:38] Connect server failed, Try to reconnection.....
2021-10-29 00:48:00.704255 <thread 12868> [info] [f:\cpp_code\vlcplayer\src\vlcplayer\socket.cpp:44] Connect server failed, Try to reconnection.....Failed
2021-10-29 00:48:00.704271 <thread 14192> [info] [f:\cpp_code\vlcplayer\src\vlcplayer\socket.cpp:44] Connect server failed, Try to reconnection.....Failed
2021-10-29 00:48:00.704278 <thread 14192> [info] [f:\cpp_code\vlcplayer\src\vlcplayer\socket.cpp:150] Send error Try to ReConnecttion...Error
2021-10-29 00:48:00.704415 <thread 14192> [info] [f:\cpp_code\vlcplayer\src\vlcplayer\upprogressthread.cpp:159] Recv Server Up File Msg Error
2021-10-29 00:48:00.704274 <thread 12868> [info] [f:\cpp_code\vlcplayer\src\vlcplayer\socket.cpp:150] Send error Try to ReConnecttion...Error
2021-10-29 00:48:00.704412 <thread 12868> [info] [f:\cpp_code\vlcplayer\src\vlcplayer\upprogressthread.cpp:159] Recv Server Up File Msg Error
