2021-10-24 22:33:08.467780 <thread 16224> [info] [f:\cpp_code\vlcplayer\src\vlcplayer\upprogressthread.cpp:26] …œ¥´Œƒº˛:D:/test.mp4, Œƒº˛¥Û–°:4246316
2021-10-24 22:33:08.469951 <thread 16224> [info] [f:\cpp_code\vlcplayer\src\vlcplayer\socket.cpp:33] Connect server failed, Try to reconnection.....
2021-10-24 22:33:08.470653 <thread 16224> [info] [f:\cpp_code\vlcplayer\src\vlcplayer\socket.cpp:39] Connect server failed, Try to reconnection.....Failed
2021-10-24 22:33:08.470679 <thread 16224> [info] [f:\cpp_code\vlcplayer\src\vlcplayer\upprogressthread.cpp:33] …œ¥´Œƒº˛D:/test.mp4¡¨Ω”∑˛ŒÒ∆˜ ß∞‹£°
2021-10-24 22:34:08.220764 <thread 16188> [info] [f:\cpp_code\vlcplayer\src\vlcplayer\upprogressthread.cpp:26] …œ¥´Œƒº˛:D:/test.mp4, Œƒº˛¥Û–°:4246316
2021-10-24 22:34:10.421229 <thread 16188> [info] [f:\cpp_code\vlcplayer\src\vlcplayer\socket.cpp:33] Connect server failed, Try to reconnection.....
2021-10-24 22:35:10.565037 <thread 14364> [info] [f:\cpp_code\vlcplayer\src\vlcplayer\upprogressthread.cpp:26] …œ¥´Œƒº˛:D:/test.mp4, Œƒº˛¥Û–°:4246316
2021-10-24 22:35:11.957536 <thread 14364> [info] [f:\cpp_code\vlcplayer\src\vlcplayer\socket.cpp:33] Connect server failed, Try to reconnection.....
2021-10-24 22:35:11.959406 <thread 14364> [info] [f:\cpp_code\vlcplayer\src\vlcplayer\socket.cpp:39] Connect server failed, Try to reconnection.....Failed
2021-10-24 22:35:21.316991 <thread 14364> [info] [f:\cpp_code\vlcplayer\src\vlcplayer\upprogressthread.cpp:34] …œ¥´Œƒº˛D:/test.mp4¡¨Ω”∑˛ŒÒ∆˜ ß∞‹£°
2021-10-24 22:37:33.696948 <thread 16020> [info] [f:\cpp_code\vlcplayer\src\vlcplayer\upprogressthread.cpp:26] …œ¥´Œƒº˛:D:/test.mp4, Œƒº˛¥Û–°:4246316
2021-10-24 22:37:36.857057 <thread 16020> [info] [f:\cpp_code\vlcplayer\src\vlcplayer\socket.cpp:33] Connect server failed, Try to reconnection.....
2021-10-24 22:37:36.858250 <thread 16020> [info] [f:\cpp_code\vlcplayer\src\vlcplayer\socket.cpp:39] Connect server failed, Try to reconnection.....Failed
2021-10-24 22:37:36.858309 <thread 16020> [info] [f:\cpp_code\vlcplayer\src\vlcplayer\upprogressthread.cpp:34] …œ¥´Œƒº˛D:/test.mp4¡¨Ω”∑˛ŒÒ∆˜ ß∞‹£°
2021-10-24 22:38:23.558861 <thread 9176> [info] [f:\cpp_code\vlcplayer\src\vlcplayer\upprogressthread.cpp:26] …œ¥´Œƒº˛:D:/test.mp4, Œƒº˛¥Û–°:4246316
2021-10-24 22:38:23.561010 <thread 9176> [info] [f:\cpp_code\vlcplayer\src\vlcplayer\socket.cpp:33] Connect server failed, Try to reconnection.....
2021-10-24 22:38:23.561181 <thread 9176> [info] [f:\cpp_code\vlcplayer\src\vlcplayer\socket.cpp:39] Connect server failed, Try to reconnection.....Failed
2021-10-24 22:38:23.561312 <thread 9176> [info] [f:\cpp_code\vlcplayer\src\vlcplayer\upprogressthread.cpp:34] …œ¥´Œƒº˛D:/test.mp4¡¨Ω”∑˛ŒÒ∆˜ ß∞‹£°
2021-10-24 22:39:09.279448 <thread 6576> [info] [f:\cpp_code\vlcplayer\src\vlcplayer\upprogressthread.cpp:27] ‰∏ä‰º†Êñá‰ª∂:D:/test.mp4, Êñá‰ª∂Â§ßÂ∞è:4246316
2021-10-24 22:39:09.281195 <thread 6576> [info] [f:\cpp_code\vlcplayer\src\vlcplayer\socket.cpp:33] Connect server failed, Try to reconnection.....
2021-10-24 22:39:09.282985 <thread 6576> [info] [f:\cpp_code\vlcplayer\src\vlcplayer\socket.cpp:39] Connect server failed, Try to reconnection.....Failed
2021-10-24 22:39:09.283148 <thread 6576> [info] [f:\cpp_code\vlcplayer\src\vlcplayer\upprogressthread.cpp:35] ‰∏ä‰º†Êñá‰ª∂D:/test.mp4ËøûÊé•ÊúçÂä°Âô®Â§±Ë¥•ÔºÅ
2021-10-24 22:41:14.507034 <thread 16172> [info] [f:\cpp_code\vlcplayer\src\vlcplayer\upprogressthread.cpp:27] ‰∏ä‰º†Êñá‰ª∂:D:/test.mp4, Êñá‰ª∂Â§ßÂ∞è:4246316
2021-10-24 22:41:14.509449 <thread 16172> [info] [f:\cpp_code\vlcplayer\src\vlcplayer\socket.cpp:33] Connect server failed, Try to reconnection.....
2021-10-24 22:41:20.948163 <thread 16172> [info] [f:\cpp_code\vlcplayer\src\vlcplayer\upprogressthread.cpp:85] UP File Error: Open File Error
2021-10-24 22:47:44.696278 <thread 13684> [info] [f:\cpp_code\vlcplayer\src\vlcplayer\upprogressthread.cpp:27] ‰∏ä‰º†Êñá‰ª∂:D:/test.mp4, Êñá‰ª∂Â§ßÂ∞è:4246316
2021-10-24 22:47:44.698421 <thread 13684> [info] [f:\cpp_code\vlcplayer\src\vlcplayer\socket.cpp:33] Connect server failed, Try to reconnection.....
2021-10-24 22:47:44.699752 <thread 13684> [info] [f:\cpp_code\vlcplayer\src\vlcplayer\upprogressthread.cpp:85] UP File Error: Open File Error
2021-10-24 22:48:14.000635 <thread 13816> [info] [f:\cpp_code\vlcplayer\src\vlcplayer\upprogressthread.cpp:27] ‰∏ä‰º†Êñá‰ª∂:D:/1.mp4, Êñá‰ª∂Â§ßÂ∞è:59149201
2021-10-24 22:48:14.000910 <thread 13816> [info] [f:\cpp_code\vlcplayer\src\vlcplayer\socket.cpp:33] Connect server failed, Try to reconnection.....
2021-10-24 22:48:14.002967 <thread 13816> [info] [f:\cpp_code\vlcplayer\src\vlcplayer\upprogressthread.cpp:85] UP File Error Write File Error
2021-10-24 22:52:46.153107 <thread 3620> [info] [f:\cpp_code\vlcplayer\src\vlcplayer\upprogressthread.cpp:27] ‰∏ä‰º†Êñá‰ª∂:D:/test.mp4, Êñá‰ª∂Â§ßÂ∞è:4246316
2021-10-24 22:52:46.155580 <thread 3620> [info] [f:\cpp_code\vlcplayer\src\vlcplayer\socket.cpp:38] Connect server failed, Try to reconnection.....
2021-10-24 22:52:46.156434 <thread 3620> [info] [f:\cpp_code\vlcplayer\src\vlcplayer\socket.cpp:44] Connect server failed, Try to reconnection.....Failed
2021-10-24 22:52:46.156591 <thread 3620> [info] [f:\cpp_code\vlcplayer\src\vlcplayer\upprogressthread.cpp:35] ‰∏ä‰º†Êñá‰ª∂D:/test.mp4ËøûÊé•ÊúçÂä°Âô®Â§±Ë¥•ÔºÅ
2021-10-24 22:53:15.074493 <thread 15624> [info] [f:\cpp_code\vlcplayer\src\vlcplayer\upprogressthread.cpp:27] ‰∏ä‰º†Êñá‰ª∂:D:/test.mp4, Êñá‰ª∂Â§ßÂ∞è:4246316
2021-10-24 22:53:22.265566 <thread 15624> [info] [f:\cpp_code\vlcplayer\src\vlcplayer\socket.cpp:38] Connect server failed, Try to reconnection.....
2021-10-24 22:53:27.560865 <thread 15624> [info] [f:\cpp_code\vlcplayer\src\vlcplayer\upprogressthread.cpp:85] UP File Error Write File Error
2021-10-24 22:53:41.633747 <thread 10580> [info] [f:\cpp_code\vlcplayer\src\vlcplayer\upprogressthread.cpp:27] ‰∏ä‰º†Êñá‰ª∂:D:/test.mp4, Êñá‰ª∂Â§ßÂ∞è:4246316
2021-10-24 22:53:41.634118 <thread 10580> [info] [f:\cpp_code\vlcplayer\src\vlcplayer\socket.cpp:38] Connect server failed, Try to reconnection.....
2021-10-24 22:54:48.849183 <thread 9832> [info] [f:\cpp_code\vlcplayer\src\vlcplayer\upprogressthread.cpp:27] ‰∏ä‰º†Êñá‰ª∂:D:/test.mp4, Êñá‰ª∂Â§ßÂ∞è:4246316
2021-10-24 22:54:50.029187 <thread 9832> [info] [f:\cpp_code\vlcplayer\src\vlcplayer\socket.cpp:38] Connect server failed, Try to reconnection.....
2021-10-24 22:59:09.786789 <thread 2636> [info] [f:\cpp_code\vlcplayer\src\vlcplayer\upprogressthread.cpp:27] ‰∏ä‰º†Êñá‰ª∂:D:/test.mp4, Êñá‰ª∂Â§ßÂ∞è:4246316
2021-10-24 22:59:11.277487 <thread 2636> [info] [f:\cpp_code\vlcplayer\src\vlcplayer\socket.cpp:38] Connect server failed, Try to reconnection.....
2021-10-24 22:59:44.244419 <thread 2636> [info] [f:\cpp_code\vlcplayer\src\vlcplayer\socket.cpp:142] Send error Try to ReConnecttion...
2021-10-24 22:59:44.244666 <thread 2636> [info] [f:\cpp_code\vlcplayer\src\vlcplayer\socket.cpp:38] Connect server failed, Try to reconnection.....
2021-10-24 22:59:44.245703 <thread 2636> [info] [f:\cpp_code\vlcplayer\src\vlcplayer\socket.cpp:44] Connect server failed, Try to reconnection.....Failed
2021-10-24 22:59:44.245712 <thread 2636> [info] [f:\cpp_code\vlcplayer\src\vlcplayer\socket.cpp:150] Send error Try to ReConnecttion...Error
2021-10-24 22:59:44.245845 <thread 2636> [info] [f:\cpp_code\vlcplayer\src\vlcplayer\upprogressthread.cpp:75] Recv Server Up File Msg Error
2021-10-24 23:01:19.053380 <thread 10664> [info] [f:\cpp_code\vlcplayer\src\vlcplayer\upprogressthread.cpp:27] ‰∏ä‰º†Êñá‰ª∂:D:/test.mp4, Êñá‰ª∂Â§ßÂ∞è:4246316
2021-10-24 23:01:21.359056 <thread 10664> [info] [f:\cpp_code\vlcplayer\src\vlcplayer\socket.cpp:38] Connect server failed, Try to reconnection.....
2021-10-24 23:01:21.359337 <thread 10664> [info] [f:\cpp_code\vlcplayer\src\vlcplayer\socket.cpp:44] Connect server failed, Try to reconnection.....Failed
2021-10-24 23:01:22.501581 <thread 10664> [info] [f:\cpp_code\vlcplayer\src\vlcplayer\upprogressthread.cpp:35] ‰∏ä‰º†Êñá‰ª∂D:/test.mp4ËøûÊé•ÊúçÂä°Âô®Â§±Ë¥•ÔºÅ
2021-10-24 23:02:00.342244 <thread 6592> [info] [f:\cpp_code\vlcplayer\src\vlcplayer\upprogressthread.cpp:27] ‰∏ä‰º†Êñá‰ª∂:D:/test.mp4, Êñá‰ª∂Â§ßÂ∞è:4246316
2021-10-24 23:02:02.433366 <thread 6592> [info] [f:\cpp_code\vlcplayer\src\vlcplayer\socket.cpp:38] Connect server failed, Try to reconnection.....
2021-10-24 23:09:13.329391 <thread 5800> [info] [f:\cpp_code\vlcplayer\src\vlcplayer\upprogressthread.cpp:28] ‰∏ä‰º†Êñá‰ª∂:D:/test.mp4, Êñá‰ª∂Â§ßÂ∞è:4246316
2021-10-24 23:09:14.045411 <thread 5800> [info] [f:\cpp_code\vlcplayer\src\vlcplayer\socket.cpp:38] Connect server failed, Try to reconnection.....
2021-10-24 23:09:43.015099 <thread 5800> [info] [f:\cpp_code\vlcplayer\src\vlcplayer\upprogressthread.cpp:86] UP File Errore FileName£∫{} count {} ned count{}
2021-10-24 23:12:20.590457 <thread 4772> [info] [f:\cpp_code\vlcplayer\src\vlcplayer\upprogressthread.cpp:28] ‰∏ä‰º†Êñá‰ª∂:D:/test.mp4, Êñá‰ª∂Â§ßÂ∞è:4246316
2021-10-24 23:12:20.590914 <thread 4772> [info] [f:\cpp_code\vlcplayer\src\vlcplayer\socket.cpp:38] Connect server failed, Try to reconnection.....
2021-10-24 23:13:00.025992 <thread 9404> [info] [f:\cpp_code\vlcplayer\src\vlcplayer\upprogressthread.cpp:28] ‰∏ä‰º†Êñá‰ª∂:D:/test.mp4, Êñá‰ª∂Â§ßÂ∞è:4246316
2021-10-24 23:13:00.026298 <thread 9404> [info] [f:\cpp_code\vlcplayer\src\vlcplayer\socket.cpp:38] Connect server failed, Try to reconnection.....
2021-10-24 23:14:46.634221 <thread 16608> [info] [f:\cpp_code\vlcplayer\src\vlcplayer\upprogressthread.cpp:28] ‰∏ä‰º†Êñá‰ª∂:D:/test.mp4, Êñá‰ª∂Â§ßÂ∞è:4246316
2021-10-24 23:14:46.637617 <thread 16608> [info] [f:\cpp_code\vlcplayer\src\vlcplayer\socket.cpp:38] Connect server failed, Try to reconnection.....
2021-10-24 23:17:05.662554 <thread 16908> [info] [f:\cpp_code\vlcplayer\src\vlcplayer\upprogressthread.cpp:28] ‰∏ä‰º†Êñá‰ª∂:D:/test.mp4, Êñá‰ª∂Â§ßÂ∞è:4246316
2021-10-24 23:17:05.665122 <thread 16908> [info] [f:\cpp_code\vlcplayer\src\vlcplayer\socket.cpp:38] Connect server failed, Try to reconnection.....
2021-10-24 23:19:57.055607 <thread 812> [info] [f:\cpp_code\vlcplayer\src\vlcplayer\upprogressthread.cpp:28] ‰∏ä‰º†Êñá‰ª∂:D:/test.mp4, Êñá‰ª∂Â§ßÂ∞è:4246316
2021-10-24 23:19:57.058210 <thread 812> [info] [f:\cpp_code\vlcplayer\src\vlcplayer\socket.cpp:38] Connect server failed, Try to reconnection.....
2021-10-24 23:21:53.321537 <thread 16672> [info] [f:\cpp_code\vlcplayer\src\vlcplayer\upprogressthread.cpp:28] ‰∏ä‰º†Êñá‰ª∂:D:/test.mp4, Êñá‰ª∂Â§ßÂ∞è:4246316
2021-10-24 23:21:53.326997 <thread 16672> [info] [f:\cpp_code\vlcplayer\src\vlcplayer\socket.cpp:38] Connect server failed, Try to reconnection.....
2021-10-24 23:21:53.328234 <thread 16672> [info] [f:\cpp_code\vlcplayer\src\vlcplayer\socket.cpp:44] Connect server failed, Try to reconnection.....Failed
2021-10-24 23:21:53.328393 <thread 16672> [info] [f:\cpp_code\vlcplayer\src\vlcplayer\upprogressthread.cpp:36] ‰∏ä‰º†Êñá‰ª∂D:/test.mp4ËøûÊé•ÊúçÂä°Âô®Â§±Ë¥•ÔºÅ
2021-10-24 23:21:59.449451 <thread 8516> [info] [f:\cpp_code\vlcplayer\src\vlcplayer\upprogressthread.cpp:28] ‰∏ä‰º†Êñá‰ª∂:D:/test.mp4, Êñá‰ª∂Â§ßÂ∞è:4246316
2021-10-24 23:21:59.449762 <thread 8516> [info] [f:\cpp_code\vlcplayer\src\vlcplayer\socket.cpp:38] Connect server failed, Try to reconnection.....
2021-10-24 23:25:44.557552 <thread 17060> [info] [f:\cpp_code\vlcplayer\src\vlcplayer\upprogressthread.cpp:28] ‰∏ä‰º†Êñá‰ª∂:D:/test.mp4, Êñá‰ª∂Â§ßÂ∞è:4246316
2021-10-24 23:25:44.560204 <thread 17060> [info] [f:\cpp_code\vlcplayer\src\vlcplayer\socket.cpp:38] Connect server failed, Try to reconnection.....
2021-10-24 23:26:39.933147 <thread 10796> [info] [f:\cpp_code\vlcplayer\src\vlcplayer\upprogressthread.cpp:28] ‰∏ä‰º†Êñá‰ª∂:D:/test.mp4, Êñá‰ª∂Â§ßÂ∞è:4246316
2021-10-24 23:26:39.933474 <thread 10796> [info] [f:\cpp_code\vlcplayer\src\vlcplayer\socket.cpp:38] Connect server failed, Try to reconnection.....
2021-10-24 23:26:39.934477 <thread 10796> [info] [f:\cpp_code\vlcplayer\src\vlcplayer\socket.cpp:44] Connect server failed, Try to reconnection.....Failed
2021-10-24 23:26:39.934665 <thread 10796> [info] [f:\cpp_code\vlcplayer\src\vlcplayer\upprogressthread.cpp:36] ‰∏ä‰º†Êñá‰ª∂D:/test.mp4ËøûÊé•ÊúçÂä°Âô®Â§±Ë¥•ÔºÅ
2021-10-24 23:26:44.825102 <thread 6032> [info] [f:\cpp_code\vlcplayer\src\vlcplayer\upprogressthread.cpp:28] ‰∏ä‰º†Êñá‰ª∂:D:/test.mp4, Êñá‰ª∂Â§ßÂ∞è:4246316
2021-10-24 23:26:44.825402 <thread 6032> [info] [f:\cpp_code\vlcplayer\src\vlcplayer\socket.cpp:38] Connect server failed, Try to reconnection.....
2021-10-24 23:26:44.826714 <thread 6032> [info] [f:\cpp_code\vlcplayer\src\vlcplayer\socket.cpp:44] Connect server failed, Try to reconnection.....Failed
2021-10-24 23:26:44.826774 <thread 6032> [info] [f:\cpp_code\vlcplayer\src\vlcplayer\upprogressthread.cpp:36] ‰∏ä‰º†Êñá‰ª∂D:/test.mp4ËøûÊé•ÊúçÂä°Âô®Â§±Ë¥•ÔºÅ
2021-10-24 23:26:54.163863 <thread 6576> [info] [f:\cpp_code\vlcplayer\src\vlcplayer\upprogressthread.cpp:28] ‰∏ä‰º†Êñá‰ª∂:D:/test.mp4, Êñá‰ª∂Â§ßÂ∞è:4246316
2021-10-24 23:26:54.164182 <thread 6576> [info] [f:\cpp_code\vlcplayer\src\vlcplayer\socket.cpp:38] Connect server failed, Try to reconnection.....
2021-10-24 23:26:54.165135 <thread 6576> [info] [f:\cpp_code\vlcplayer\src\vlcplayer\socket.cpp:44] Connect server failed, Try to reconnection.....Failed
2021-10-24 23:26:54.165244 <thread 6576> [info] [f:\cpp_code\vlcplayer\src\vlcplayer\upprogressthread.cpp:36] ‰∏ä‰º†Êñá‰ª∂D:/test.mp4ËøûÊé•ÊúçÂä°Âô®Â§±Ë¥•ÔºÅ
2021-10-24 23:27:31.499070 <thread 16444> [info] [f:\cpp_code\vlcplayer\src\vlcplayer\upprogressthread.cpp:28] ‰∏ä‰º†Êñá‰ª∂:D:/test.mp4, Êñá‰ª∂Â§ßÂ∞è:4246316
2021-10-24 23:27:31.501120 <thread 16444> [info] [f:\cpp_code\vlcplayer\src\vlcplayer\socket.cpp:38] Connect server failed, Try to reconnection.....
2021-10-24 23:27:31.502493 <thread 16444> [info] [f:\cpp_code\vlcplayer\src\vlcplayer\socket.cpp:44] Connect server failed, Try to reconnection.....Failed
2021-10-24 23:27:31.502639 <thread 16444> [info] [f:\cpp_code\vlcplayer\src\vlcplayer\upprogressthread.cpp:36] ‰∏ä‰º†Êñá‰ª∂D:/test.mp4ËøûÊé•ÊúçÂä°Âô®Â§±Ë¥•ÔºÅ
2021-10-24 23:27:36.528044 <thread 2716> [info] [f:\cpp_code\vlcplayer\src\vlcplayer\upprogressthread.cpp:28] ‰∏ä‰º†Êñá‰ª∂:D:/test.mp4, Êñá‰ª∂Â§ßÂ∞è:4246316
2021-10-24 23:27:36.528378 <thread 2716> [info] [f:\cpp_code\vlcplayer\src\vlcplayer\socket.cpp:38] Connect server failed, Try to reconnection.....
2021-10-24 23:28:50.866403 <thread 13464> [info] [f:\cpp_code\vlcplayer\src\vlcplayer\upprogressthread.cpp:28] ‰∏ä‰º†Êñá‰ª∂:D:/test.mp4, Êñá‰ª∂Â§ßÂ∞è:4246316
2021-10-24 23:28:50.868477 <thread 13464> [info] [f:\cpp_code\vlcplayer\src\vlcplayer\socket.cpp:38] Connect server failed, Try to reconnection.....
2021-10-24 23:29:53.435235 <thread 5648> [info] [f:\cpp_code\vlcplayer\src\vlcplayer\upprogressthread.cpp:28] ‰∏ä‰º†Êñá‰ª∂:D:/test.mp4, Êñá‰ª∂Â§ßÂ∞è:4246316
2021-10-24 23:29:53.437294 <thread 5648> [info] [f:\cpp_code\vlcplayer\src\vlcplayer\socket.cpp:38] Connect server failed, Try to reconnection.....
2021-10-24 23:30:08.426278 <thread 5648> [info] [f:\cpp_code\vlcplayer\src\vlcplayer\socket.cpp:142] Send error Try to ReConnecttion...
2021-10-24 23:30:08.426513 <thread 5648> [info] [f:\cpp_code\vlcplayer\src\vlcplayer\socket.cpp:38] Connect server failed, Try to reconnection.....
2021-10-24 23:30:08.427775 <thread 5648> [info] [f:\cpp_code\vlcplayer\src\vlcplayer\socket.cpp:44] Connect server failed, Try to reconnection.....Failed
2021-10-24 23:33:13.294360 <thread 17000> [info] [f:\cpp_code\vlcplayer\src\vlcplayer\upprogressthread.cpp:28] ‰∏ä‰º†Êñá‰ª∂:D:/test.mp4, Êñá‰ª∂Â§ßÂ∞è:4246316
2021-10-24 23:33:13.296517 <thread 17000> [info] [f:\cpp_code\vlcplayer\src\vlcplayer\socket.cpp:38] Connect server failed, Try to reconnection.....
2021-10-24 23:35:17.994539 <thread 16856> [info] [f:\cpp_code\vlcplayer\src\vlcplayer\upprogressthread.cpp:28] ‰∏ä‰º†Êñá‰ª∂:D:/test.mp4, Êñá‰ª∂Â§ßÂ∞è:4246316
2021-10-24 23:35:17.996979 <thread 16856> [info] [f:\cpp_code\vlcplayer\src\vlcplayer\socket.cpp:38] Connect server failed, Try to reconnection.....
2021-10-24 23:35:42.788010 <thread 16856> [info] [f:\cpp_code\vlcplayer\src\vlcplayer\socket.cpp:142] Send error Try to ReConnecttion...
2021-10-24 23:35:42.788327 <thread 16856> [info] [f:\cpp_code\vlcplayer\src\vlcplayer\socket.cpp:38] Connect server failed, Try to reconnection.....
2021-10-24 23:35:42.788961 <thread 16856> [info] [f:\cpp_code\vlcplayer\src\vlcplayer\socket.cpp:44] Connect server failed, Try to reconnection.....Failed
2021-10-24 23:35:42.788969 <thread 16856> [info] [f:\cpp_code\vlcplayer\src\vlcplayer\socket.cpp:150] Send error Try to ReConnecttion...Error
2021-10-24 23:35:42.789062 <thread 16856> [info] [f:\cpp_code\vlcplayer\src\vlcplayer\upprogressthread.cpp:76] Recv Server Up File Msg Error
2021-10-24 23:37:48.200542 <thread 8972> [info] [f:\cpp_code\vlcplayer\src\vlcplayer\upprogressthread.cpp:28] ‰∏ä‰º†Êñá‰ª∂:D:/test.mp4, Êñá‰ª∂Â§ßÂ∞è:4246316
2021-10-24 23:37:48.202796 <thread 8972> [info] [f:\cpp_code\vlcplayer\src\vlcplayer\socket.cpp:38] Connect server failed, Try to reconnection.....
2021-10-24 23:54:39.065045 <thread 11792> [info] [f:\cpp_code\vlcplayer\src\vlcplayer\upprogressthread.cpp:29] ‰∏ä‰º†Êñá‰ª∂:D:/test.mp4, Êñá‰ª∂Â§ßÂ∞è:4246316
2021-10-24 23:54:39.067355 <thread 11792> [info] [f:\cpp_code\vlcplayer\src\vlcplayer\socket.cpp:38] Connect server failed, Try to reconnection.....
2021-10-25 00:01:07.074059 <thread 17084> [info] [f:\cpp_code\vlcplayer\src\vlcplayer\upprogressthread.cpp:29] ‰∏ä‰º†Êñá‰ª∂:D:/test.mp4, Êñá‰ª∂Â§ßÂ∞è:4246316
2021-10-25 00:01:07.075004 <thread 17084> [info] [f:\cpp_code\vlcplayer\src\vlcplayer\socket.cpp:38] Connect server failed, Try to reconnection.....
