2021-10-21 00:05:08.546363 <thread 14656> [info] [f:\cpp_code\vlcplayer\src\vlcplayer\uploadfilecontroller.cpp:19] 上传文件:D:/test.mp4, 文件大小:4246316
2021-10-21 00:05:09.650651 <thread 14656> [info] [f:\cpp_code\vlcplayer\src\vlcplayer\socket.cpp:33] Connect server failed, Try to reconnection.....
2021-10-21 00:11:22.449968 <thread 10780> [info] [f:\cpp_code\vlcplayer\src\vlcplayer\uploadfilecontroller.cpp:19] 上传文件:D:/test.mp4, 文件大小:4246316
2021-10-21 00:11:22.452484 <thread 10780> [info] [f:\cpp_code\vlcplayer\src\vlcplayer\socket.cpp:33] Connect server failed, Try to reconnection.....
2021-10-21 00:12:08.315503 <thread 10780> [info] [f:\cpp_code\vlcplayer\src\vlcplayer\socket.cpp:137] Send error Try to ReConnecttion...
2021-10-21 00:12:08.315765 <thread 10780> [info] [f:\cpp_code\vlcplayer\src\vlcplayer\socket.cpp:33] Connect server failed, Try to reconnection.....
2021-10-21 00:12:08.317548 <thread 10780> [info] [f:\cpp_code\vlcplayer\src\vlcplayer\socket.cpp:39] Connect server failed, Try to reconnection.....Failed
2021-10-21 00:12:08.317559 <thread 10780> [info] [f:\cpp_code\vlcplayer\src\vlcplayer\socket.cpp:145] Send error Try to ReConnecttion...Error
2021-10-21 00:12:08.317564 <thread 10780> [info] [f:\cpp_code\vlcplayer\src\vlcplayer\uploadfilecontroller.cpp:66] Recv Server Up File Msg Error
2021-10-21 00:13:49.222228 <thread 2148> [info] [f:\cpp_code\vlcplayer\src\vlcplayer\uploadfilecontroller.cpp:19] 上传文件:D:/test.mp4, 文件大小:4246316
2021-10-21 00:13:49.224551 <thread 2148> [info] [f:\cpp_code\vlcplayer\src\vlcplayer\socket.cpp:33] Connect server failed, Try to reconnection.....
2021-10-21 00:20:10.516944 <thread 11376> [info] [f:\cpp_code\vlcplayer\src\vlcplayer\uploadfilecontroller.cpp:20] 上传文件:D:/test.mp4, 文件大小:4246316
2021-10-21 00:20:10.523252 <thread 11376> [info] [f:\cpp_code\vlcplayer\src\vlcplayer\socket.cpp:33] Connect server failed, Try to reconnection.....
2021-10-21 00:26:47.317884 <thread 16984> [info] [f:\cpp_code\vlcplayer\src\vlcplayer\uploadfilecontroller.cpp:20] 上传文件:D:/test.mp4, 文件大小:4246316
2021-10-21 00:26:47.320254 <thread 16984> [info] [f:\cpp_code\vlcplayer\src\vlcplayer\socket.cpp:33] Connect server failed, Try to reconnection.....
2021-10-21 00:28:31.622971 <thread 16984> [info] [f:\cpp_code\vlcplayer\src\vlcplayer\socket.cpp:137] Send error Try to ReConnecttion...
2021-10-21 00:28:31.623227 <thread 16984> [info] [f:\cpp_code\vlcplayer\src\vlcplayer\socket.cpp:33] Connect server failed, Try to reconnection.....
2021-10-21 00:28:31.624404 <thread 16984> [info] [f:\cpp_code\vlcplayer\src\vlcplayer\socket.cpp:39] Connect server failed, Try to reconnection.....Failed
2021-10-21 00:28:31.624417 <thread 16984> [info] [f:\cpp_code\vlcplayer\src\vlcplayer\socket.cpp:145] Send error Try to ReConnecttion...Error
2021-10-21 00:28:31.624422 <thread 16984> [info] [f:\cpp_code\vlcplayer\src\vlcplayer\uploadfilecontroller.cpp:67] Recv Server Up File Msg Error
2021-10-21 00:30:07.862180 <thread 1320> [info] [f:\cpp_code\vlcplayer\src\vlcplayer\uploadfilecontroller.cpp:20] 上传文件:D:/test.mp4, 文件大小:4246316
2021-10-21 00:30:07.874955 <thread 1320> [info] [f:\cpp_code\vlcplayer\src\vlcplayer\socket.cpp:33] Connect server failed, Try to reconnection.....
2021-10-21 00:30:07.876991 <thread 1320> [info] [f:\cpp_code\vlcplayer\src\vlcplayer\socket.cpp:39] Connect server failed, Try to reconnection.....Failed
2021-10-21 00:30:07.877031 <thread 1320> [info] [f:\cpp_code\vlcplayer\src\vlcplayer\uploadfilecontroller.cpp:27] 上传文件D:/test.mp4连接服务器失败！
2021-10-21 00:31:31.307566 <thread 6572> [info] [f:\cpp_code\vlcplayer\src\vlcplayer\uploadfilecontroller.cpp:20] 上传文件:D:/test.mp4, 文件大小:4246316
2021-10-21 00:31:31.599142 <thread 6572> [info] [f:\cpp_code\vlcplayer\src\vlcplayer\socket.cpp:33] Connect server failed, Try to reconnection.....
2021-10-21 00:33:10.718575 <thread 17556> [info] [f:\cpp_code\vlcplayer\src\vlcplayer\uploadfilecontroller.cpp:20] 上传文件:D:/test.mp4, 文件大小:4246316
2021-10-21 00:33:10.720717 <thread 17556> [info] [f:\cpp_code\vlcplayer\src\vlcplayer\socket.cpp:33] Connect server failed, Try to reconnection.....
2021-10-21 00:35:38.623368 <thread 17556> [info] [f:\cpp_code\vlcplayer\src\vlcplayer\socket.cpp:137] Send error Try to ReConnecttion...
2021-10-21 00:35:38.623671 <thread 17556> [info] [f:\cpp_code\vlcplayer\src\vlcplayer\socket.cpp:33] Connect server failed, Try to reconnection.....
2021-10-21 00:35:38.625505 <thread 17556> [info] [f:\cpp_code\vlcplayer\src\vlcplayer\socket.cpp:39] Connect server failed, Try to reconnection.....Failed
2021-10-21 00:35:38.625518 <thread 17556> [info] [f:\cpp_code\vlcplayer\src\vlcplayer\socket.cpp:145] Send error Try to ReConnecttion...Error
2021-10-21 00:35:38.625523 <thread 17556> [info] [f:\cpp_code\vlcplayer\src\vlcplayer\uploadfilecontroller.cpp:67] Recv Server Up File Msg Error
