2021-10-27 00:07:26.771362 <thread 11744> [info] [f:\cpp_code\vlcplayer\src\vlcplayer\upprogressthread.cpp:55] 上传文件:D:/test.mp4, 文件大小:4246316
2021-10-27 00:07:26.773439 <thread 11744> [info] [f:\cpp_code\vlcplayer\src\vlcplayer\socket.cpp:38] Connect server failed, Try to reconnection.....
2021-10-27 00:07:26.777594 <thread 11744> [info] [f:\cpp_code\vlcplayer\src\vlcplayer\socket.cpp:44] Connect server failed, Try to reconnection.....Failed
2021-10-27 00:07:26.777750 <thread 11744> [info] [f:\cpp_code\vlcplayer\src\vlcplayer\upprogressthread.cpp:63] 上传文件D:/test.mp4连接服务器失败！
2021-10-27 00:07:34.997550 <thread 10056> [info] [f:\cpp_code\vlcplayer\src\vlcplayer\upprogressthread.cpp:55] 上传文件:D:/test.mp4, 文件大小:4246316
2021-10-27 00:07:34.997819 <thread 10056> [info] [f:\cpp_code\vlcplayer\src\vlcplayer\socket.cpp:38] Connect server failed, Try to reconnection.....
2021-10-27 00:07:34.998397 <thread 10056> [info] [f:\cpp_code\vlcplayer\src\vlcplayer\socket.cpp:44] Connect server failed, Try to reconnection.....Failed
2021-10-27 00:07:34.998700 <thread 10056> [info] [f:\cpp_code\vlcplayer\src\vlcplayer\upprogressthread.cpp:63] 上传文件D:/test.mp4连接服务器失败！
2021-10-27 00:08:17.663694 <thread 8740> [info] [f:\cpp_code\vlcplayer\src\vlcplayer\upprogressthread.cpp:55] 上传文件:D:/test.mp4, 文件大小:4246316
2021-10-27 00:08:17.668177 <thread 8740> [info] [f:\cpp_code\vlcplayer\src\vlcplayer\socket.cpp:38] Connect server failed, Try to reconnection.....
2021-10-27 00:08:17.668534 <thread 8740> [info] [f:\cpp_code\vlcplayer\src\vlcplayer\socket.cpp:44] Connect server failed, Try to reconnection.....Failed
2021-10-27 00:08:17.668667 <thread 8740> [info] [f:\cpp_code\vlcplayer\src\vlcplayer\upprogressthread.cpp:63] 上传文件D:/test.mp4连接服务器失败！
2021-10-27 00:08:56.099810 <thread 15724> [info] [f:\cpp_code\vlcplayer\src\vlcplayer\upprogressthread.cpp:55] 上传文件:D:/test.mp4, 文件大小:4246316
2021-10-27 00:08:56.101858 <thread 15724> [info] [f:\cpp_code\vlcplayer\src\vlcplayer\socket.cpp:38] Connect server failed, Try to reconnection.....
2021-10-27 00:08:56.106006 <thread 15724> [info] [f:\cpp_code\vlcplayer\src\vlcplayer\socket.cpp:44] Connect server failed, Try to reconnection.....Failed
2021-10-27 00:08:56.106148 <thread 15724> [info] [f:\cpp_code\vlcplayer\src\vlcplayer\upprogressthread.cpp:63] 上传文件D:/test.mp4连接服务器失败！
2021-10-27 00:09:04.451666 <thread 7448> [info] [f:\cpp_code\vlcplayer\src\vlcplayer\upprogressthread.cpp:55] 上传文件:D:/test.mp4, 文件大小:4246316
2021-10-27 00:09:04.452002 <thread 7448> [info] [f:\cpp_code\vlcplayer\src\vlcplayer\socket.cpp:38] Connect server failed, Try to reconnection.....
2021-10-27 00:09:50.309403 <thread 1196> [info] [f:\cpp_code\vlcplayer\src\vlcplayer\upprogressthread.cpp:55] 上传文件:D:/1.mp4, 文件大小:59149201
2021-10-27 00:09:50.309966 <thread 1196> [info] [f:\cpp_code\vlcplayer\src\vlcplayer\socket.cpp:38] Connect server failed, Try to reconnection.....
2021-10-27 00:15:27.917375 <thread 1196> [info] [f:\cpp_code\vlcplayer\src\vlcplayer\socket.cpp:142] Send error Try to ReConnecttion...
2021-10-27 00:15:27.918349 <thread 1196> [info] [f:\cpp_code\vlcplayer\src\vlcplayer\socket.cpp:38] Connect server failed, Try to reconnection.....
2021-10-27 00:15:27.918550 <thread 1196> [info] [f:\cpp_code\vlcplayer\src\vlcplayer\socket.cpp:145] Send error Try to ReConnecttion...Success
2021-10-27 00:24:45.671575 <thread 2024> [info] [f:\cpp_code\vlcplayer\src\vlcplayer\upprogressthread.cpp:54] 上传文件:D:/test.mp4, 文件大小:4246316
2021-10-27 00:24:45.673256 <thread 2024> [info] [f:\cpp_code\vlcplayer\src\vlcplayer\socket.cpp:38] Connect server failed, Try to reconnection.....
2021-10-27 00:24:45.674371 <thread 2024> [info] [f:\cpp_code\vlcplayer\src\vlcplayer\socket.cpp:44] Connect server failed, Try to reconnection.....Failed
2021-10-27 00:24:45.675178 <thread 2024> [info] [f:\cpp_code\vlcplayer\src\vlcplayer\upprogressthread.cpp:62] 上传文件D:/test.mp4连接服务器失败！
2021-10-27 00:36:20.165142 <thread 13636> [info] [f:\cpp_code\vlcplayer\src\vlcplayer\upprogressthread.cpp:54] 上传文件:D:/test.mp4, 文件大小:4246316
2021-10-27 00:36:20.167389 <thread 13636> [info] [f:\cpp_code\vlcplayer\src\vlcplayer\socket.cpp:38] Connect server failed, Try to reconnection.....
2021-10-27 00:38:23.382364 <thread 17284> [info] [f:\cpp_code\vlcplayer\src\vlcplayer\upprogressthread.cpp:54] 上传文件:D:/test.mp4, 文件大小:4246316
2021-10-27 00:38:23.384657 <thread 17284> [info] [f:\cpp_code\vlcplayer\src\vlcplayer\socket.cpp:38] Connect server failed, Try to reconnection.....
2021-10-27 00:38:23.386249 <thread 17284> [info] [f:\cpp_code\vlcplayer\src\vlcplayer\socket.cpp:44] Connect server failed, Try to reconnection.....Failed
2021-10-27 00:38:23.386383 <thread 17284> [info] [f:\cpp_code\vlcplayer\src\vlcplayer\upprogressthread.cpp:62] 上传文件D:/test.mp4连接服务器失败！
2021-10-27 00:38:31.877043 <thread 11284> [info] [f:\cpp_code\vlcplayer\src\vlcplayer\upprogressthread.cpp:54] 上传文件:D:/test.mp4, 文件大小:4246316
2021-10-27 00:38:31.877461 <thread 11284> [info] [f:\cpp_code\vlcplayer\src\vlcplayer\socket.cpp:38] Connect server failed, Try to reconnection.....
2021-10-27 00:40:45.007787 <thread 14192> [info] [f:\cpp_code\vlcplayer\src\vlcplayer\upprogressthread.cpp:54] 上传文件:D:/test.mp4, 文件大小:4246316
2021-10-27 00:40:45.009675 <thread 14192> [info] [f:\cpp_code\vlcplayer\src\vlcplayer\socket.cpp:38] Connect server failed, Try to reconnection.....
2021-10-27 00:40:45.016507 <thread 14192> [info] [f:\cpp_code\vlcplayer\src\vlcplayer\socket.cpp:44] Connect server failed, Try to reconnection.....Failed
2021-10-27 00:40:45.016746 <thread 14192> [info] [f:\cpp_code\vlcplayer\src\vlcplayer\upprogressthread.cpp:62] 上传文件D:/test.mp4连接服务器失败！
2021-10-27 00:40:49.249628 <thread 11052> [info] [f:\cpp_code\vlcplayer\src\vlcplayer\upprogressthread.cpp:54] 上传文件:D:/test.mp4, 文件大小:4246316
2021-10-27 00:40:49.249977 <thread 11052> [info] [f:\cpp_code\vlcplayer\src\vlcplayer\socket.cpp:38] Connect server failed, Try to reconnection.....
2021-10-27 00:41:39.700754 <thread 10308> [info] [f:\cpp_code\vlcplayer\src\vlcplayer\upprogressthread.cpp:54] 上传文件:D:/test.mp4, 文件大小:4246316
2021-10-27 00:41:39.703746 <thread 10308> [info] [f:\cpp_code\vlcplayer\src\vlcplayer\socket.cpp:38] Connect server failed, Try to reconnection.....
2021-10-27 00:43:00.579276 <thread 12240> [info] [f:\cpp_code\vlcplayer\src\vlcplayer\upprogressthread.cpp:54] 上传文件:D:/test.mp4, 文件大小:4246316
2021-10-27 00:43:00.581285 <thread 12240> [info] [f:\cpp_code\vlcplayer\src\vlcplayer\socket.cpp:38] Connect server failed, Try to reconnection.....
2021-10-27 00:43:00.583645 <thread 12240> [info] [f:\cpp_code\vlcplayer\src\vlcplayer\socket.cpp:44] Connect server failed, Try to reconnection.....Failed
2021-10-27 00:43:00.583798 <thread 12240> [info] [f:\cpp_code\vlcplayer\src\vlcplayer\upprogressthread.cpp:62] 上传文件D:/test.mp4连接服务器失败！
2021-10-27 00:43:04.895419 <thread 16152> [info] [f:\cpp_code\vlcplayer\src\vlcplayer\upprogressthread.cpp:54] 上传文件:D:/test.mp4, 文件大小:4246316
2021-10-27 00:43:04.895788 <thread 16152> [info] [f:\cpp_code\vlcplayer\src\vlcplayer\socket.cpp:38] Connect server failed, Try to reconnection.....
2021-10-27 00:45:53.386185 <thread 15544> [info] [f:\cpp_code\vlcplayer\src\vlcplayer\upprogressthread.cpp:54] 上传文件:D:/test.mp4, 文件大小:4246316
2021-10-27 00:45:53.388282 <thread 15544> [info] [f:\cpp_code\vlcplayer\src\vlcplayer\socket.cpp:38] Connect server failed, Try to reconnection.....
2021-10-27 00:47:33.786923 <thread 16408> [info] [f:\cpp_code\vlcplayer\src\vlcplayer\upprogressthread.cpp:54] 上传文件:D:/test.mp4, 文件大小:4246316
2021-10-27 00:47:33.789184 <thread 16408> [info] [f:\cpp_code\vlcplayer\src\vlcplayer\socket.cpp:38] Connect server failed, Try to reconnection.....
2021-10-27 00:47:33.790427 <thread 16408> [info] [f:\cpp_code\vlcplayer\src\vlcplayer\socket.cpp:44] Connect server failed, Try to reconnection.....Failed
2021-10-27 00:47:33.790584 <thread 16408> [info] [f:\cpp_code\vlcplayer\src\vlcplayer\upprogressthread.cpp:62] 上传文件D:/test.mp4连接服务器失败！
2021-10-27 00:47:38.817074 <thread 12536> [info] [f:\cpp_code\vlcplayer\src\vlcplayer\upprogressthread.cpp:54] 上传文件:D:/test.mp4, 文件大小:4246316
2021-10-27 00:47:38.817455 <thread 12536> [info] [f:\cpp_code\vlcplayer\src\vlcplayer\socket.cpp:38] Connect server failed, Try to reconnection.....
2021-10-27 00:47:38.819085 <thread 12536> [info] [f:\cpp_code\vlcplayer\src\vlcplayer\socket.cpp:44] Connect server failed, Try to reconnection.....Failed
2021-10-27 00:47:38.819211 <thread 12536> [info] [f:\cpp_code\vlcplayer\src\vlcplayer\upprogressthread.cpp:62] 上传文件D:/test.mp4连接服务器失败！
2021-10-27 00:47:46.521139 <thread 10336> [info] [f:\cpp_code\vlcplayer\src\vlcplayer\upprogressthread.cpp:54] 上传文件:D:/test.mp4, 文件大小:4246316
2021-10-27 00:47:46.521528 <thread 10336> [info] [f:\cpp_code\vlcplayer\src\vlcplayer\socket.cpp:38] Connect server failed, Try to reconnection.....
2021-10-27 00:48:35.448048 <thread 13844> [info] [f:\cpp_code\vlcplayer\src\vlcplayer\upprogressthread.cpp:54] 上传文件:D:/test.mp4, 文件大小:4246316
2021-10-27 00:48:35.450853 <thread 13844> [info] [f:\cpp_code\vlcplayer\src\vlcplayer\socket.cpp:38] Connect server failed, Try to reconnection.....
2021-10-27 00:48:35.451965 <thread 13844> [info] [f:\cpp_code\vlcplayer\src\vlcplayer\socket.cpp:44] Connect server failed, Try to reconnection.....Failed
2021-10-27 00:48:35.452130 <thread 13844> [info] [f:\cpp_code\vlcplayer\src\vlcplayer\upprogressthread.cpp:62] 上传文件D:/test.mp4连接服务器失败！
2021-10-27 00:48:40.019176 <thread 16204> [info] [f:\cpp_code\vlcplayer\src\vlcplayer\upprogressthread.cpp:54] 上传文件:D:/test.mp4, 文件大小:4246316
2021-10-27 00:48:40.019524 <thread 16204> [info] [f:\cpp_code\vlcplayer\src\vlcplayer\socket.cpp:38] Connect server failed, Try to reconnection.....
2021-10-27 00:54:27.807880 <thread 13364> [info] [f:\cpp_code\vlcplayer\src\vlcplayer\upprogressthread.cpp:54] 上传文件:D:/test.mp4, 文件大小:4246316
2021-10-27 00:54:27.809890 <thread 13364> [info] [f:\cpp_code\vlcplayer\src\vlcplayer\socket.cpp:38] Connect server failed, Try to reconnection.....
2021-10-27 00:54:27.811102 <thread 13364> [info] [f:\cpp_code\vlcplayer\src\vlcplayer\socket.cpp:44] Connect server failed, Try to reconnection.....Failed
2021-10-27 00:54:27.811241 <thread 13364> [info] [f:\cpp_code\vlcplayer\src\vlcplayer\upprogressthread.cpp:62] 上传文件D:/test.mp4连接服务器失败！
2021-10-27 00:54:32.657189 <thread 3052> [info] [f:\cpp_code\vlcplayer\src\vlcplayer\upprogressthread.cpp:54] 上传文件:D:/test.mp4, 文件大小:4246316
2021-10-27 00:54:32.657536 <thread 3052> [info] [f:\cpp_code\vlcplayer\src\vlcplayer\socket.cpp:38] Connect server failed, Try to reconnection.....
2021-10-27 00:55:29.471657 <thread 9224> [info] [f:\cpp_code\vlcplayer\src\vlcplayer\upprogressthread.cpp:54] 上传文件:D:/test.mp4, 文件大小:4246316
2021-10-27 00:55:29.473667 <thread 9224> [info] [f:\cpp_code\vlcplayer\src\vlcplayer\socket.cpp:38] Connect server failed, Try to reconnection.....
2021-10-27 00:55:29.474792 <thread 9224> [info] [f:\cpp_code\vlcplayer\src\vlcplayer\socket.cpp:44] Connect server failed, Try to reconnection.....Failed
2021-10-27 00:55:29.474927 <thread 9224> [info] [f:\cpp_code\vlcplayer\src\vlcplayer\upprogressthread.cpp:62] 上传文件D:/test.mp4连接服务器失败！
2021-10-27 00:55:41.845159 <thread 13136> [info] [f:\cpp_code\vlcplayer\src\vlcplayer\upprogressthread.cpp:54] 上传文件:D:/test.mp4, 文件大小:4246316
2021-10-27 00:55:41.845471 <thread 13136> [info] [f:\cpp_code\vlcplayer\src\vlcplayer\socket.cpp:38] Connect server failed, Try to reconnection.....
2021-10-27 00:55:41.846620 <thread 13136> [info] [f:\cpp_code\vlcplayer\src\vlcplayer\socket.cpp:44] Connect server failed, Try to reconnection.....Failed
2021-10-27 00:55:41.846747 <thread 13136> [info] [f:\cpp_code\vlcplayer\src\vlcplayer\upprogressthread.cpp:62] 上传文件D:/test.mp4连接服务器失败！
2021-10-27 00:55:46.787106 <thread 15620> [info] [f:\cpp_code\vlcplayer\src\vlcplayer\upprogressthread.cpp:54] 上传文件:D:/test.mp4, 文件大小:4246316
2021-10-27 00:55:46.787493 <thread 15620> [info] [f:\cpp_code\vlcplayer\src\vlcplayer\socket.cpp:38] Connect server failed, Try to reconnection.....
2021-10-27 00:57:11.264765 <thread 8724> [info] [f:\cpp_code\vlcplayer\src\vlcplayer\upprogressthread.cpp:54] 上传文件:D:/test.mp4, 文件大小:4246316
2021-10-27 00:57:11.266638 <thread 8724> [info] [f:\cpp_code\vlcplayer\src\vlcplayer\socket.cpp:38] Connect server failed, Try to reconnection.....
2021-10-27 00:57:11.269531 <thread 8724> [info] [f:\cpp_code\vlcplayer\src\vlcplayer\socket.cpp:44] Connect server failed, Try to reconnection.....Failed
2021-10-27 00:57:11.269703 <thread 8724> [info] [f:\cpp_code\vlcplayer\src\vlcplayer\upprogressthread.cpp:62] 上传文件D:/test.mp4连接服务器失败！
2021-10-27 00:57:16.458088 <thread 14484> [info] [f:\cpp_code\vlcplayer\src\vlcplayer\upprogressthread.cpp:54] 上传文件:D:/test.mp4, 文件大小:4246316
2021-10-27 00:57:16.458457 <thread 14484> [info] [f:\cpp_code\vlcplayer\src\vlcplayer\socket.cpp:38] Connect server failed, Try to reconnection.....
2021-10-27 00:59:28.860504 <thread 12024> [info] [f:\cpp_code\vlcplayer\src\vlcplayer\upprogressthread.cpp:54] 上传文件:D:/test.mp4, 文件大小:4246316
2021-10-27 00:59:28.863019 <thread 12024> [info] [f:\cpp_code\vlcplayer\src\vlcplayer\socket.cpp:38] Connect server failed, Try to reconnection.....
2021-10-27 00:59:28.866330 <thread 12024> [info] [f:\cpp_code\vlcplayer\src\vlcplayer\socket.cpp:44] Connect server failed, Try to reconnection.....Failed
2021-10-27 00:59:28.866487 <thread 12024> [info] [f:\cpp_code\vlcplayer\src\vlcplayer\upprogressthread.cpp:62] 上传文件D:/test.mp4连接服务器失败！
2021-10-27 00:59:33.282590 <thread 5904> [info] [f:\cpp_code\vlcplayer\src\vlcplayer\upprogressthread.cpp:54] 上传文件:D:/test.mp4, 文件大小:4246316
2021-10-27 00:59:33.282951 <thread 5904> [info] [f:\cpp_code\vlcplayer\src\vlcplayer\socket.cpp:38] Connect server failed, Try to reconnection.....
2021-10-27 01:02:09.254958 <thread 15708> [info] [f:\cpp_code\vlcplayer\src\vlcplayer\upprogressthread.cpp:54] 上传文件:D:/test.mp4, 文件大小:4246316
2021-10-27 01:02:09.260907 <thread 15708> [info] [f:\cpp_code\vlcplayer\src\vlcplayer\socket.cpp:38] Connect server failed, Try to reconnection.....
2021-10-27 01:02:09.262114 <thread 15708> [info] [f:\cpp_code\vlcplayer\src\vlcplayer\socket.cpp:44] Connect server failed, Try to reconnection.....Failed
2021-10-27 01:02:09.262252 <thread 15708> [info] [f:\cpp_code\vlcplayer\src\vlcplayer\upprogressthread.cpp:62] 上传文件D:/test.mp4连接服务器失败！
2021-10-27 01:02:13.526132 <thread 9608> [info] [f:\cpp_code\vlcplayer\src\vlcplayer\upprogressthread.cpp:54] 上传文件:D:/test.mp4, 文件大小:4246316
2021-10-27 01:02:13.526481 <thread 9608> [info] [f:\cpp_code\vlcplayer\src\vlcplayer\socket.cpp:38] Connect server failed, Try to reconnection.....
2021-10-27 01:02:13.527605 <thread 9608> [info] [f:\cpp_code\vlcplayer\src\vlcplayer\socket.cpp:44] Connect server failed, Try to reconnection.....Failed
2021-10-27 01:02:13.527777 <thread 9608> [info] [f:\cpp_code\vlcplayer\src\vlcplayer\upprogressthread.cpp:62] 上传文件D:/test.mp4连接服务器失败！
2021-10-27 01:02:17.529067 <thread 11176> [info] [f:\cpp_code\vlcplayer\src\vlcplayer\upprogressthread.cpp:54] 上传文件:D:/test.mp4, 文件大小:4246316
2021-10-27 01:02:17.529403 <thread 11176> [info] [f:\cpp_code\vlcplayer\src\vlcplayer\socket.cpp:38] Connect server failed, Try to reconnection.....
2021-10-27 01:04:15.581712 <thread 12768> [info] [f:\cpp_code\vlcplayer\src\vlcplayer\upprogressthread.cpp:54] 上传文件:D:/test.mp4, 文件大小:4246316
2021-10-27 01:04:15.585041 <thread 12768> [info] [f:\cpp_code\vlcplayer\src\vlcplayer\socket.cpp:38] Connect server failed, Try to reconnection.....
2021-10-27 01:04:15.586743 <thread 12768> [info] [f:\cpp_code\vlcplayer\src\vlcplayer\socket.cpp:44] Connect server failed, Try to reconnection.....Failed
2021-10-27 01:04:15.586895 <thread 12768> [info] [f:\cpp_code\vlcplayer\src\vlcplayer\upprogressthread.cpp:62] 上传文件D:/test.mp4连接服务器失败！
2021-10-27 01:04:19.826531 <thread 13332> [info] [f:\cpp_code\vlcplayer\src\vlcplayer\upprogressthread.cpp:54] 上传文件:D:/test.mp4, 文件大小:4246316
2021-10-27 01:04:19.826931 <thread 13332> [info] [f:\cpp_code\vlcplayer\src\vlcplayer\socket.cpp:38] Connect server failed, Try to reconnection.....
2021-10-27 01:09:39.510935 <thread 1588> [info] [f:\cpp_code\vlcplayer\src\vlcplayer\upprogressthread.cpp:54] 上传文件:D:/test.mp4, 文件大小:4246316
2021-10-27 01:09:39.513694 <thread 1588> [info] [f:\cpp_code\vlcplayer\src\vlcplayer\socket.cpp:38] Connect server failed, Try to reconnection.....
2021-10-27 01:09:39.514997 <thread 1588> [info] [f:\cpp_code\vlcplayer\src\vlcplayer\socket.cpp:44] Connect server failed, Try to reconnection.....Failed
2021-10-27 01:09:39.515122 <thread 1588> [info] [f:\cpp_code\vlcplayer\src\vlcplayer\upprogressthread.cpp:62] 上传文件D:/test.mp4连接服务器失败！
2021-10-27 01:09:44.176237 <thread 10300> [info] [f:\cpp_code\vlcplayer\src\vlcplayer\upprogressthread.cpp:54] 上传文件:D:/test.mp4, 文件大小:4246316
2021-10-27 01:09:44.176611 <thread 10300> [info] [f:\cpp_code\vlcplayer\src\vlcplayer\socket.cpp:38] Connect server failed, Try to reconnection.....
2021-10-27 01:23:42.583218 <thread 5964> [info] [f:\cpp_code\vlcplayer\src\vlcplayer\upprogressthread.cpp:54] 上传文件:D:/test.mp4, 文件大小:4246316
2021-10-27 01:23:42.585787 <thread 5964> [info] [f:\cpp_code\vlcplayer\src\vlcplayer\socket.cpp:38] Connect server failed, Try to reconnection.....
2021-10-27 01:27:49.433262 <thread 4252> [info] [f:\cpp_code\vlcplayer\src\vlcplayer\upprogressthread.cpp:54] 上传文件:D:/test.mp4, 文件大小:4246316
2021-10-27 01:27:49.436498 <thread 4252> [info] [f:\cpp_code\vlcplayer\src\vlcplayer\socket.cpp:38] Connect server failed, Try to reconnection.....
2021-10-27 01:30:24.817566 <thread 17100> [info] [f:\cpp_code\vlcplayer\src\vlcplayer\upprogressthread.cpp:54] 上传文件:D:/test.mp4, 文件大小:4246316
2021-10-27 01:30:24.819638 <thread 17100> [info] [f:\cpp_code\vlcplayer\src\vlcplayer\socket.cpp:38] Connect server failed, Try to reconnection.....
2021-10-27 01:31:51.022415 <thread 9420> [info] [f:\cpp_code\vlcplayer\src\vlcplayer\upprogressthread.cpp:54] 上传文件:D:/test.mp4, 文件大小:4246316
2021-10-27 01:31:51.028730 <thread 9420> [info] [f:\cpp_code\vlcplayer\src\vlcplayer\socket.cpp:38] Connect server failed, Try to reconnection.....
2021-10-27 01:31:51.030354 <thread 9420> [info] [f:\cpp_code\vlcplayer\src\vlcplayer\socket.cpp:44] Connect server failed, Try to reconnection.....Failed
2021-10-27 01:31:51.030536 <thread 9420> [info] [f:\cpp_code\vlcplayer\src\vlcplayer\upprogressthread.cpp:62] 上传文件D:/test.mp4连接服务器失败！
2021-10-27 01:31:55.635950 <thread 13692> [info] [f:\cpp_code\vlcplayer\src\vlcplayer\upprogressthread.cpp:54] 上传文件:D:/test.mp4, 文件大小:4246316
2021-10-27 01:31:55.636303 <thread 13692> [info] [f:\cpp_code\vlcplayer\src\vlcplayer\socket.cpp:38] Connect server failed, Try to reconnection.....
2021-10-27 22:43:07.040103 <thread 14200> [info] [f:\cpp_code\vlcplayer\src\vlcplayer\upprogressthread.cpp:54] 上传文件:D:/test.mp4, 文件大小:4246316
2021-10-27 22:43:07.042959 <thread 14200> [info] [f:\cpp_code\vlcplayer\src\vlcplayer\socket.cpp:38] Connect server failed, Try to reconnection.....
2021-10-27 22:43:07.043343 <thread 14200> [info] [f:\cpp_code\vlcplayer\src\vlcplayer\socket.cpp:44] Connect server failed, Try to reconnection.....Failed
2021-10-27 22:43:07.043508 <thread 14200> [info] [f:\cpp_code\vlcplayer\src\vlcplayer\upprogressthread.cpp:62] 上传文件D:/test.mp4连接服务器失败！
2021-10-27 22:43:15.026105 <thread 14496> [info] [f:\cpp_code\vlcplayer\src\vlcplayer\upprogressthread.cpp:54] 上传文件:D:/test.mp4, 文件大小:4246316
2021-10-27 22:43:15.026415 <thread 14496> [info] [f:\cpp_code\vlcplayer\src\vlcplayer\socket.cpp:38] Connect server failed, Try to reconnection.....
2021-10-27 22:43:15.028033 <thread 14496> [info] [f:\cpp_code\vlcplayer\src\vlcplayer\socket.cpp:44] Connect server failed, Try to reconnection.....Failed
2021-10-27 22:43:15.028153 <thread 14496> [info] [f:\cpp_code\vlcplayer\src\vlcplayer\upprogressthread.cpp:62] 上传文件D:/test.mp4连接服务器失败！
2021-10-27 22:43:53.565981 <thread 7508> [info] [f:\cpp_code\vlcplayer\src\vlcplayer\upprogressthread.cpp:54] 上传文件:D:/test.mp4, 文件大小:4246316
2021-10-27 22:46:09.713930 <thread 15080> [info] [f:\cpp_code\vlcplayer\src\vlcplayer\upprogressthread.cpp:54] 上传文件:D:/test.mp4, 文件大小:4246316
2021-10-27 22:49:35.109077 <thread 10512> [info] [f:\cpp_code\vlcplayer\src\vlcplayer\upprogressthread.cpp:61] 上传文件:D:/test.mp4, 文件大小:4246316
2021-10-27 22:50:30.343619 <thread 11352> [info] [f:\cpp_code\vlcplayer\src\vlcplayer\upprogressthread.cpp:61] 上传文件:D:/test.mp4, 文件大小:4246316
2021-10-27 22:51:42.250592 <thread 1556> [info] [f:\cpp_code\vlcplayer\src\vlcplayer\upprogressthread.cpp:61] 上传文件:D:/test.mp4, 文件大小:4246316
2021-10-27 22:53:20.375040 <thread 12404> [info] [f:\cpp_code\vlcplayer\src\vlcplayer\upprogressthread.cpp:61] 上传文件:D:/test.mp4, 文件大小:4246316
2021-10-27 22:54:03.410477 <thread 10180> [info] [f:\cpp_code\vlcplayer\src\vlcplayer\upprogressthread.cpp:61] 上传文件:D:/test.mp4, 文件大小:4246316
2021-10-27 23:04:27.199295 <thread 7908> [info] [f:\cpp_code\vlcplayer\src\vlcplayer\upprogressthread.cpp:61] 上传文件:D:/test.mp4, 文件大小:4246316
2021-10-27 23:05:06.024765 <thread 8120> [info] [f:\cpp_code\vlcplayer\src\vlcplayer\upprogressthread.cpp:61] 上传文件:D:/test.mp4, 文件大小:4246316
2021-10-27 23:06:14.120934 <thread 14240> [info] [f:\cpp_code\vlcplayer\src\vlcplayer\upprogressthread.cpp:61] 上传文件:D:/test.mp4, 文件大小:4246316
2021-10-27 23:07:58.787647 <thread 15488> [info] [f:\cpp_code\vlcplayer\src\vlcplayer\upprogressthread.cpp:61] 上传文件:D:/test.mp4, 文件大小:4246316
2021-10-27 23:17:21.381943 <thread 10764> [info] [f:\cpp_code\vlcplayer\src\vlcplayer\upprogressthread.cpp:61] 上传文件:D:/test.mp4, 文件大小:4246316
2021-10-27 23:19:57.374176 <thread 9152> [info] [f:\cpp_code\vlcplayer\src\vlcplayer\upprogressthread.cpp:61] 上传文件:D:/test.mp4, 文件大小:4246316
2021-10-27 23:22:25.116682 <thread 5928> [info] [f:\cpp_code\vlcplayer\src\vlcplayer\upprogressthread.cpp:61] 上传文件:D:/test.mp4, 文件大小:4246316
2021-10-27 23:24:34.726874 <thread 14492> [info] [f:\cpp_code\vlcplayer\src\vlcplayer\upprogressthread.cpp:61] 上传文件:D:/test.mp4, 文件大小:4246316
2021-10-27 23:25:47.189015 <thread 16216> [info] [f:\cpp_code\vlcplayer\src\vlcplayer\upprogressthread.cpp:61] 上传文件:D:/test.mp4, 文件大小:4246316
2021-10-27 23:27:26.662175 <thread 9232> [info] [f:\cpp_code\vlcplayer\src\vlcplayer\upprogressthread.cpp:61] 上传文件:D:/test.mp4, 文件大小:4246316
2021-10-27 23:29:57.950205 <thread 13244> [info] [f:\cpp_code\vlcplayer\src\vlcplayer\upprogressthread.cpp:69] 上传文件:D:/test.mp4, 文件大小:4246316
2021-10-27 23:34:00.990274 <thread 12732> [info] [f:\cpp_code\vlcplayer\src\vlcplayer\upprogressthread.cpp:69] 上传文件:D:/test.mp4, 文件大小:4246316
2021-10-27 23:34:08.622295 <thread 13900> [info] [f:\cpp_code\vlcplayer\src\vlcplayer\upprogressthread.cpp:69] 上传文件:D:/test.mp4, 文件大小:4246316
2021-10-27 23:40:45.683408 <thread 2260> [info] [f:\cpp_code\vlcplayer\src\vlcplayer\upprogressthread.cpp:69] 上传文件:D:/test.mp4, 文件大小:4246316
2021-10-27 23:41:56.900337 <thread 8316> [info] [f:\cpp_code\vlcplayer\src\vlcplayer\upprogressthread.cpp:69] 上传文件:D:/test.mp4, 文件大小:4246316
2021-10-27 23:41:56.900736 <thread 8316> [info] [f:\cpp_code\vlcplayer\src\vlcplayer\socket.cpp:142] Send error Try to ReConnecttion...
2021-10-27 23:41:56.902613 <thread 8316> [info] [f:\cpp_code\vlcplayer\src\vlcplayer\socket.cpp:38] Connect server failed, Try to reconnection.....
2021-10-27 23:41:56.904498 <thread 8316> [info] [f:\cpp_code\vlcplayer\src\vlcplayer\socket.cpp:145] Send error Try to ReConnecttion...Success
2021-10-27 23:43:22.553354 <thread 14416> [info] [f:\cpp_code\vlcplayer\src\vlcplayer\upprogressthread.cpp:69] 上传文件:D:/test.mp4, 文件大小:4246316
2021-10-27 23:43:22.554172 <thread 14416> [info] [f:\cpp_code\vlcplayer\src\vlcplayer\socket.cpp:142] Send error Try to ReConnecttion...
2021-10-27 23:43:22.556227 <thread 14416> [info] [f:\cpp_code\vlcplayer\src\vlcplayer\socket.cpp:38] Connect server failed, Try to reconnection.....
2021-10-27 23:43:22.558241 <thread 14416> [info] [f:\cpp_code\vlcplayer\src\vlcplayer\socket.cpp:44] Connect server failed, Try to reconnection.....Failed
2021-10-27 23:43:22.558267 <thread 14416> [info] [f:\cpp_code\vlcplayer\src\vlcplayer\socket.cpp:150] Send error Try to ReConnecttion...Error
2021-10-27 23:43:22.558401 <thread 14416> [info] [f:\cpp_code\vlcplayer\src\vlcplayer\upprogressthread.cpp:118] UP FileD:/test.mp4 Send Error！
2021-10-27 23:43:40.889170 <thread 11380> [info] [f:\cpp_code\vlcplayer\src\vlcplayer\upprogressthread.cpp:69] 上传文件:D:/test.mp4, 文件大小:4246316
2021-10-27 23:43:40.889457 <thread 11380> [info] [f:\cpp_code\vlcplayer\src\vlcplayer\socket.cpp:142] Send error Try to ReConnecttion...
2021-10-27 23:43:40.889749 <thread 11380> [info] [f:\cpp_code\vlcplayer\src\vlcplayer\socket.cpp:38] Connect server failed, Try to reconnection.....
2021-10-27 23:43:40.890189 <thread 11380> [info] [f:\cpp_code\vlcplayer\src\vlcplayer\socket.cpp:145] Send error Try to ReConnecttion...Success
2021-10-27 23:45:11.502024 <thread 8664> [info] [f:\cpp_code\vlcplayer\src\vlcplayer\upprogressthread.cpp:69] 上传文件:D:/test.mp4, 文件大小:4246316
2021-10-27 23:45:11.505543 <thread 8664> [info] [f:\cpp_code\vlcplayer\src\vlcplayer\socket.cpp:38] Connect server failed, Try to reconnection.....
2021-10-27 23:45:11.505923 <thread 8664> [info] [f:\cpp_code\vlcplayer\src\vlcplayer\socket.cpp:44] Connect server failed, Try to reconnection.....Failed
2021-10-27 23:45:11.506064 <thread 8664> [info] [f:\cpp_code\vlcplayer\src\vlcplayer\upprogressthread.cpp:77] 上传文件D:/test.mp4连接服务器失败！
2021-10-27 23:45:16.130356 <thread 10732> [info] [f:\cpp_code\vlcplayer\src\vlcplayer\upprogressthread.cpp:69] 上传文件:D:/test.mp4, 文件大小:4246316
2021-10-27 23:45:16.130742 <thread 10732> [info] [f:\cpp_code\vlcplayer\src\vlcplayer\socket.cpp:38] Connect server failed, Try to reconnection.....
2021-10-27 23:45:29.841237 <thread 10732> [info] [f:\cpp_code\vlcplayer\src\vlcplayer\socket.cpp:142] Send error Try to ReConnecttion...
2021-10-27 23:45:29.842090 <thread 10732> [info] [f:\cpp_code\vlcplayer\src\vlcplayer\socket.cpp:38] Connect server failed, Try to reconnection.....
2021-10-27 23:45:29.843395 <thread 10732> [info] [f:\cpp_code\vlcplayer\src\vlcplayer\socket.cpp:44] Connect server failed, Try to reconnection.....Failed
2021-10-27 23:45:29.843405 <thread 10732> [info] [f:\cpp_code\vlcplayer\src\vlcplayer\socket.cpp:150] Send error Try to ReConnecttion...Error
2021-10-27 23:45:29.843527 <thread 10732> [info] [f:\cpp_code\vlcplayer\src\vlcplayer\upprogressthread.cpp:131] Recv Server Up File Msg Error
2021-10-27 23:48:34.570017 <thread 10312> [info] [f:\cpp_code\vlcplayer\src\vlcplayer\upprogressthread.cpp:69] 上传文件:D:/test.mp4, 文件大小:4246316
2021-10-27 23:48:34.572086 <thread 10312> [info] [f:\cpp_code\vlcplayer\src\vlcplayer\socket.cpp:38] Connect server failed, Try to reconnection.....
2021-10-27 23:48:34.573446 <thread 10312> [info] [f:\cpp_code\vlcplayer\src\vlcplayer\socket.cpp:44] Connect server failed, Try to reconnection.....Failed
2021-10-27 23:48:34.573585 <thread 10312> [info] [f:\cpp_code\vlcplayer\src\vlcplayer\upprogressthread.cpp:77] 上传文件D:/test.mp4连接服务器失败！
2021-10-27 23:48:39.139764 <thread 5380> [info] [f:\cpp_code\vlcplayer\src\vlcplayer\upprogressthread.cpp:69] 上传文件:D:/test.mp4, 文件大小:4246316
2021-10-27 23:48:39.140117 <thread 5380> [info] [f:\cpp_code\vlcplayer\src\vlcplayer\socket.cpp:38] Connect server failed, Try to reconnection.....
2021-10-27 23:51:31.644253 <thread 6456> [info] [f:\cpp_code\vlcplayer\src\vlcplayer\upprogressthread.cpp:69] 上传文件:D:/test.mp4, 文件大小:4246316
2021-10-27 23:51:31.647390 <thread 6456> [info] [f:\cpp_code\vlcplayer\src\vlcplayer\socket.cpp:38] Connect server failed, Try to reconnection.....
2021-10-27 23:51:58.935529 <thread 6456> [info] [f:\cpp_code\vlcplayer\src\vlcplayer\socket.cpp:142] Send error Try to ReConnecttion...
2021-10-27 23:51:58.935949 <thread 6456> [info] [f:\cpp_code\vlcplayer\src\vlcplayer\socket.cpp:38] Connect server failed, Try to reconnection.....
2021-10-27 23:51:58.937509 <thread 6456> [info] [f:\cpp_code\vlcplayer\src\vlcplayer\socket.cpp:44] Connect server failed, Try to reconnection.....Failed
2021-10-27 23:51:58.937522 <thread 6456> [info] [f:\cpp_code\vlcplayer\src\vlcplayer\socket.cpp:150] Send error Try to ReConnecttion...Error
2021-10-27 23:51:58.938095 <thread 6456> [info] [f:\cpp_code\vlcplayer\src\vlcplayer\upprogressthread.cpp:131] Recv Server Up File Msg Error
2021-10-27 23:54:59.857931 <thread 13212> [info] [f:\cpp_code\vlcplayer\src\vlcplayer\upprogressthread.cpp:69] 上传文件:D:/test.mp4, 文件大小:4246316
2021-10-27 23:54:59.862588 <thread 13212> [info] [f:\cpp_code\vlcplayer\src\vlcplayer\socket.cpp:38] Connect server failed, Try to reconnection.....
2021-10-27 23:59:24.770407 <thread 15188> [info] [f:\cpp_code\vlcplayer\src\vlcplayer\upprogressthread.cpp:69] 上传文件:D:/test.mp4, 文件大小:4246316
2021-10-27 23:59:24.774034 <thread 15188> [info] [f:\cpp_code\vlcplayer\src\vlcplayer\socket.cpp:38] Connect server failed, Try to reconnection.....
2021-10-27 23:59:24.775218 <thread 15188> [info] [f:\cpp_code\vlcplayer\src\vlcplayer\socket.cpp:44] Connect server failed, Try to reconnection.....Failed
2021-10-27 23:59:24.775355 <thread 15188> [info] [f:\cpp_code\vlcplayer\src\vlcplayer\upprogressthread.cpp:77] 上传文件D:/test.mp4连接服务器失败！
2021-10-27 23:59:29.023358 <thread 11052> [info] [f:\cpp_code\vlcplayer\src\vlcplayer\upprogressthread.cpp:69] 上传文件:D:/test.mp4, 文件大小:4246316
2021-10-27 23:59:29.023721 <thread 11052> [info] [f:\cpp_code\vlcplayer\src\vlcplayer\socket.cpp:38] Connect server failed, Try to reconnection.....
