2021-10-28 00:02:17.254542 <thread 6508> [info] [f:\cpp_code\vlcplayer\src\vlcplayer\upprogressthread.cpp:69] 上传文件:D:/test.mp4, 文件大小:4246316
2021-10-28 00:02:17.257212 <thread 6508> [info] [f:\cpp_code\vlcplayer\src\vlcplayer\socket.cpp:38] Connect server failed, Try to reconnection.....
2021-10-28 00:02:17.257310 <thread 6508> [info] [f:\cpp_code\vlcplayer\src\vlcplayer\socket.cpp:44] Connect server failed, Try to reconnection.....Failed
2021-10-28 00:02:17.257501 <thread 6508> [info] [f:\cpp_code\vlcplayer\src\vlcplayer\upprogressthread.cpp:77] 上传文件D:/test.mp4连接服务器失败！
2021-10-28 00:02:22.311157 <thread 15324> [info] [f:\cpp_code\vlcplayer\src\vlcplayer\upprogressthread.cpp:69] 上传文件:D:/test.mp4, 文件大小:4246316
2021-10-28 00:03:06.774109 <thread 15752> [info] [f:\cpp_code\vlcplayer\src\vlcplayer\upprogressthread.cpp:69] 上传文件:D:/test.mp4, 文件大小:4246316
2021-10-28 00:03:06.776455 <thread 15752> [info] [f:\cpp_code\vlcplayer\src\vlcplayer\socket.cpp:38] Connect server failed, Try to reconnection.....
2021-10-28 00:21:39.409133 <thread 224> [info] [f:\cpp_code\vlcplayer\src\vlcplayer\upprogressthread.cpp:69] 上传文件:D:/test.mp4, 文件大小:4246316
2021-10-28 00:21:39.411067 <thread 224> [info] [f:\cpp_code\vlcplayer\src\vlcplayer\socket.cpp:38] Connect server failed, Try to reconnection.....
2021-10-28 00:21:39.416234 <thread 224> [info] [f:\cpp_code\vlcplayer\src\vlcplayer\socket.cpp:44] Connect server failed, Try to reconnection.....Failed
2021-10-28 00:21:39.416410 <thread 224> [info] [f:\cpp_code\vlcplayer\src\vlcplayer\upprogressthread.cpp:77] 上传文件D:/test.mp4连接服务器失败！
2021-10-28 00:21:44.077340 <thread 3416> [info] [f:\cpp_code\vlcplayer\src\vlcplayer\upprogressthread.cpp:69] 上传文件:D:/test.mp4, 文件大小:4246316
2021-10-28 00:21:44.077697 <thread 3416> [info] [f:\cpp_code\vlcplayer\src\vlcplayer\socket.cpp:38] Connect server failed, Try to reconnection.....
2021-10-28 00:21:53.152630 <thread 3416> [info] [f:\cpp_code\vlcplayer\src\vlcplayer\upprogressthread.cpp:142] UP File ErrorUpFile Error : File Exits
2021-10-28 00:23:47.233739 <thread 2256> [info] [f:\cpp_code\vlcplayer\src\vlcplayer\upprogressthread.cpp:69] 上传文件:D:/test.mp4, 文件大小:4246316
2021-10-28 00:23:47.236095 <thread 2256> [info] [f:\cpp_code\vlcplayer\src\vlcplayer\socket.cpp:38] Connect server failed, Try to reconnection.....
2021-10-28 00:23:47.238138 <thread 2256> [info] [f:\cpp_code\vlcplayer\src\vlcplayer\upprogressthread.cpp:142] UP File ErrorUpFile Error : File Exits
2021-10-28 00:24:35.732855 <thread 15672> [info] [f:\cpp_code\vlcplayer\src\vlcplayer\upprogressthread.cpp:69] 上传文件:D:/1.mp4, 文件大小:59149201
2021-10-28 00:24:35.733202 <thread 15672> [info] [f:\cpp_code\vlcplayer\src\vlcplayer\socket.cpp:38] Connect server failed, Try to reconnection.....
2021-10-28 00:24:35.733613 <thread 15672> [info] [f:\cpp_code\vlcplayer\src\vlcplayer\socket.cpp:44] Connect server failed, Try to reconnection.....Failed
2021-10-28 00:24:35.733780 <thread 15672> [info] [f:\cpp_code\vlcplayer\src\vlcplayer\upprogressthread.cpp:77] 上传文件D:/1.mp4连接服务器失败！
2021-10-28 00:24:42.392453 <thread 14308> [info] [f:\cpp_code\vlcplayer\src\vlcplayer\upprogressthread.cpp:69] 上传文件:D:/1.mp4, 文件大小:59149201
2021-10-28 00:24:42.392894 <thread 14308> [info] [f:\cpp_code\vlcplayer\src\vlcplayer\socket.cpp:38] Connect server failed, Try to reconnection.....
2021-10-28 00:24:42.393258 <thread 14308> [info] [f:\cpp_code\vlcplayer\src\vlcplayer\socket.cpp:44] Connect server failed, Try to reconnection.....Failed
2021-10-28 00:24:42.393402 <thread 14308> [info] [f:\cpp_code\vlcplayer\src\vlcplayer\upprogressthread.cpp:77] 上传文件D:/1.mp4连接服务器失败！
2021-10-28 00:24:52.511590 <thread 5604> [info] [f:\cpp_code\vlcplayer\src\vlcplayer\upprogressthread.cpp:69] 上传文件:D:/1.mp4, 文件大小:59149201
2021-10-28 00:24:52.512125 <thread 5604> [info] [f:\cpp_code\vlcplayer\src\vlcplayer\socket.cpp:38] Connect server failed, Try to reconnection.....
2021-10-28 00:25:18.161221 <thread 5604> [info] [f:\cpp_code\vlcplayer\src\vlcplayer\socket.cpp:142] Send error Try to ReConnecttion...
2021-10-28 00:25:18.161483 <thread 5604> [info] [f:\cpp_code\vlcplayer\src\vlcplayer\socket.cpp:38] Connect server failed, Try to reconnection.....
2021-10-28 00:25:18.163383 <thread 5604> [info] [f:\cpp_code\vlcplayer\src\vlcplayer\socket.cpp:44] Connect server failed, Try to reconnection.....Failed
2021-10-28 00:25:18.163399 <thread 5604> [info] [f:\cpp_code\vlcplayer\src\vlcplayer\socket.cpp:150] Send error Try to ReConnecttion...Error
2021-10-28 00:25:18.163450 <thread 5604> [info] [f:\cpp_code\vlcplayer\src\vlcplayer\upprogressthread.cpp:131] Recv Server Up File Msg Error
2021-10-28 22:46:43.378903 <thread 14036> [info] [f:\cpp_code\vlcplayer\src\vlcplayer\upprogressthread.cpp:74] 上传文件:D:/test.mp4, 文件大小:4246316
2021-10-28 22:46:43.381634 <thread 14036> [info] [f:\cpp_code\vlcplayer\src\vlcplayer\socket.cpp:38] Connect server failed, Try to reconnection.....
2021-10-28 22:56:01.633733 <thread 14164> [info] [f:\cpp_code\vlcplayer\src\vlcplayer\upprogressthread.cpp:75] 上传文件:D:/test.mp4, 文件大小:4246316
2021-10-28 22:56:01.636201 <thread 14164> [info] [f:\cpp_code\vlcplayer\src\vlcplayer\socket.cpp:38] Connect server failed, Try to reconnection.....
2021-10-28 22:56:01.636665 <thread 14164> [info] [f:\cpp_code\vlcplayer\src\vlcplayer\socket.cpp:44] Connect server failed, Try to reconnection.....Failed
2021-10-28 22:56:01.637516 <thread 14164> [info] [f:\cpp_code\vlcplayer\src\vlcplayer\upprogressthread.cpp:83] 上传文件D:/test.mp4连接服务器失败！
2021-10-28 22:56:08.913277 <thread 12536> [info] [f:\cpp_code\vlcplayer\src\vlcplayer\upprogressthread.cpp:75] 上传文件:D:/test.mp4, 文件大小:4246316
2021-10-28 22:56:08.913687 <thread 12536> [info] [f:\cpp_code\vlcplayer\src\vlcplayer\socket.cpp:38] Connect server failed, Try to reconnection.....
2021-10-28 23:19:40.875488 <thread 11740> [info] [f:\cpp_code\vlcplayer\src\vlcplayer\upprogressthread.cpp:75] 上传文件:D:/test.mp4, 文件大小:4246316
2021-10-28 23:19:40.877481 <thread 11740> [info] [f:\cpp_code\vlcplayer\src\vlcplayer\socket.cpp:38] Connect server failed, Try to reconnection.....
2021-10-28 23:20:29.523794 <thread 10160> [info] [f:\cpp_code\vlcplayer\src\vlcplayer\upprogressthread.cpp:75] 上传文件:D:/test.mp4, 文件大小:4246316
2021-10-28 23:20:29.524229 <thread 10160> [info] [f:\cpp_code\vlcplayer\src\vlcplayer\socket.cpp:38] Connect server failed, Try to reconnection.....
2021-10-28 23:21:50.900346 <thread 4708> [info] [f:\cpp_code\vlcplayer\src\vlcplayer\upprogressthread.cpp:75] 上传文件:D:/test.mp4, 文件大小:4246316
2021-10-28 23:21:50.902195 <thread 4708> [info] [f:\cpp_code\vlcplayer\src\vlcplayer\socket.cpp:38] Connect server failed, Try to reconnection.....
2021-10-28 23:21:50.904294 <thread 4708> [info] [f:\cpp_code\vlcplayer\src\vlcplayer\socket.cpp:44] Connect server failed, Try to reconnection.....Failed
2021-10-28 23:21:50.904511 <thread 4708> [info] [f:\cpp_code\vlcplayer\src\vlcplayer\upprogressthread.cpp:83] 上传文件D:/test.mp4连接服务器失败！
2021-10-28 23:21:55.107283 <thread 6508> [info] [f:\cpp_code\vlcplayer\src\vlcplayer\upprogressthread.cpp:75] 上传文件:D:/test.mp4, 文件大小:4246316
2021-10-28 23:21:55.107669 <thread 6508> [info] [f:\cpp_code\vlcplayer\src\vlcplayer\socket.cpp:38] Connect server failed, Try to reconnection.....
2021-10-28 23:22:17.229464 <thread 11732> [info] [f:\cpp_code\vlcplayer\src\vlcplayer\upprogressthread.cpp:75] 上传文件:D:/test.mp4, 文件大小:4246316
2021-10-28 23:22:17.229812 <thread 11732> [info] [f:\cpp_code\vlcplayer\src\vlcplayer\socket.cpp:38] Connect server failed, Try to reconnection.....
2021-10-28 23:22:39.563813 <thread 11584> [info] [f:\cpp_code\vlcplayer\src\vlcplayer\upprogressthread.cpp:75] 上传文件:D:/test.mp4, 文件大小:4246316
2021-10-28 23:22:39.564183 <thread 11584> [info] [f:\cpp_code\vlcplayer\src\vlcplayer\socket.cpp:38] Connect server failed, Try to reconnection.....
2021-10-28 23:23:30.418714 <thread 3340> [info] [f:\cpp_code\vlcplayer\src\vlcplayer\upprogressthread.cpp:75] 上传文件:D:/test.mp4, 文件大小:4246316
2021-10-28 23:23:30.419103 <thread 3340> [info] [f:\cpp_code\vlcplayer\src\vlcplayer\socket.cpp:38] Connect server failed, Try to reconnection.....
2021-10-28 23:54:57.372606 <thread 12028> [info] [f:\cpp_code\vlcplayer\src\vlcplayer\upprogressthread.cpp:75] 上传文件:D:/test.mp4, 文件大小:4246316
2021-10-28 23:54:57.374881 <thread 12028> [info] [f:\cpp_code\vlcplayer\src\vlcplayer\socket.cpp:38] Connect server failed, Try to reconnection.....
2021-10-28 23:56:49.743842 <thread 11480> [info] [f:\cpp_code\vlcplayer\src\vlcplayer\upprogressthread.cpp:75] 上传文件:D:/test.mp4, 文件大小:4246316
2021-10-28 23:56:49.746247 <thread 11480> [info] [f:\cpp_code\vlcplayer\src\vlcplayer\socket.cpp:38] Connect server failed, Try to reconnection.....
2021-10-28 23:58:04.362980 <thread 11480> [info] [f:\cpp_code\vlcplayer\src\vlcplayer\socket.cpp:142] Send error Try to ReConnecttion...
2021-10-28 23:58:04.363267 <thread 11480> [info] [f:\cpp_code\vlcplayer\src\vlcplayer\socket.cpp:38] Connect server failed, Try to reconnection.....
2021-10-28 23:58:04.363837 <thread 11480> [info] [f:\cpp_code\vlcplayer\src\vlcplayer\socket.cpp:44] Connect server failed, Try to reconnection.....Failed
2021-10-28 23:58:04.363846 <thread 11480> [info] [f:\cpp_code\vlcplayer\src\vlcplayer\socket.cpp:150] Send error Try to ReConnecttion...Error
2021-10-28 23:58:04.363903 <thread 11480> [info] [f:\cpp_code\vlcplayer\src\vlcplayer\upprogressthread.cpp:164] Recv Server Up File Msg Error
