C:\Program Files (x86)\Microsoft Visual Studio\2017\Community\Common7\IDE\VC\VCTargets\Microsoft.CppBuild.targets(377,5): warning MSB8004: Output 目录未以斜杠结尾。  此生成实例将添加斜杠，因为必须有这个斜杠才能正确计算 Output 目录。
C:\Program Files (x86)\Microsoft Visual Studio\2017\Community\Common7\IDE\VC\VCTargets\Microsoft.CppBuild.targets(377,5): warning MSB8004: Output 目录未以斜杠结尾。  此生成实例将添加斜杠，因为必须有这个斜杠才能正确计算 Output 目录。
  CommonUtils.cpp
  GetVideoController.cpp
  JsonUtils.cpp
  Logger.cpp
f:\cpp_code\vlcplayer\src\vlcplayer\logger.h(73): warning C4005: “ERROR”: 宏重定义 (编译源文件 Logger.cpp)
  c:\program files (x86)\windows kits\10\include\10.0.17763.0\um\wingdi.h(118): note: 参见“ERROR”的前一个定义 (编译源文件 Logger.cpp)
f:\cpp_code\vlcplayer\src\vlcplayer\jsonutils.cpp(27): warning C4715: “JsonUtils::JsonObjToFile”: 不是所有的控件路径都返回值
  LoginController.cpp
  MediaPlayer.cpp
f:\cpp_code\vlcplayer\src\vlcplayer\logger.h(73): warning C4005: “ERROR”: 宏重定义 (编译源文件 GetVideoController.cpp)
  c:\program files (x86)\windows kits\10\include\10.0.17763.0\um\wingdi.h(118): note: 参见“ERROR”的前一个定义 (编译源文件 GetVideoController.cpp)
  NetWorkPlAYER.cpp
  UpProgressThread.cpp
  VLCPlayer.cpp
  customslider.cpp
  loginwidget.cpp
  main.cpp
  mainwidget.cpp
f:\cpp_code\vlcplayer\src\vlcplayer\logger.h(73): warning C4005: “ERROR”: 宏重定义 (编译源文件 UpProgressThread.cpp)
  c:\program files (x86)\windows kits\10\include\10.0.17763.0\um\wingdi.h(118): note: 参见“ERROR”的前一个定义 (编译源文件 UpProgressThread.cpp)
  registerwidget.cpp
  settingutil.cpp
  socket.cpp
f:\cpp_code\vlcplayer\src\vlcplayer\logger.h(73): warning C4005: “ERROR”: 宏重定义 (编译源文件 socket.cpp)
  c:\program files (x86)\windows kits\10\include\10.0.17763.0\um\wingdi.h(118): note: 参见“ERROR”的前一个定义 (编译源文件 socket.cpp)
  moc_GetVideoController.cpp
  moc_UpProgressThread.cpp
  moc_customslider.cpp
  moc_loginwidget.cpp
  moc_mainwidget.cpp
  moc_registerwidget.cpp
  VlcPlayer.vcxproj -> F:\Cpp_Code\vlcPlayer\src\VlcPlayer\..\..\bin\VlcPlayer.exe
