f:\cpp_code\vlcplayer\src\vlcplayer\debug\jsonutils.obj
f:\cpp_code\vlcplayer\src\vlcplayer\debug\vlcplayer.obj
f:\cpp_code\vlcplayer\src\vlcplayer\debug\logger.obj
f:\cpp_code\vlcplayer\src\vlcplayer\debug\registerwidget.obj
f:\cpp_code\vlcplayer\src\vlcplayer\debug\main.obj
f:\cpp_code\vlcplayer\src\vlcplayer\debug\customslider.obj
f:\cpp_code\vlcplayer\src\vlcplayer\debug\commonutils.obj
f:\cpp_code\vlcplayer\src\vlcplayer\debug\logincontroller.obj
f:\cpp_code\vlcplayer\src\vlcplayer\debug\mediaplayer.obj
f:\cpp_code\vlcplayer\src\vlcplayer\debug\settingutil.obj
f:\cpp_code\vlcplayer\src\vlcplayer\debug\networkplayer.obj
f:\cpp_code\vlcplayer\src\vlcplayer\debug\upprogressthread.obj
f:\cpp_code\vlcplayer\src\vlcplayer\debug\mainwidget.obj
f:\cpp_code\vlcplayer\src\vlcplayer\debug\style.obj
f:\cpp_code\vlcplayer\src\vlcplayer\debug\getvideocontroller.obj
f:\cpp_code\vlcplayer\src\vlcplayer\debug\loginwidget.obj
f:\cpp_code\vlcplayer\src\vlcplayer\debug\socket.obj
f:\cpp_code\vlcplayer\src\vlcplayer\debug\vc141.pdb
f:\cpp_code\vlcplayer\src\vlcplayer\debug\moc_getvideocontroller.obj
f:\cpp_code\vlcplayer\src\vlcplayer\debug\moc_loginwidget.obj
f:\cpp_code\vlcplayer\src\vlcplayer\debug\qrc_vlcplayer.obj
f:\cpp_code\vlcplayer\src\vlcplayer\debug\moc_upprogressthread.obj
f:\cpp_code\vlcplayer\src\vlcplayer\debug\moc_mainwidget.obj
f:\cpp_code\vlcplayer\src\vlcplayer\debug\moc_customslider.obj
f:\cpp_code\vlcplayer\src\vlcplayer\debug\moc_registerwidget.obj
f:\cpp_code\vlcplayer\bin\vlcplayer.exe
f:\cpp_code\vlcplayer\bin\vlcplayer.ilk
f:\cpp_code\vlcplayer\bin\vlcplayer.pdb
f:\cpp_code\vlcplayer\src\vlcplayer\debug\moc\moc_loginwidget.cpp
f:\cpp_code\vlcplayer\src\vlcplayer\debug\moc\moc_customslider.cpp
f:\cpp_code\vlcplayer\src\vlcplayer\debug\moc\moc_getvideocontroller.cpp
f:\cpp_code\vlcplayer\src\vlcplayer\debug\moc\moc_upprogressthread.cpp
f:\cpp_code\vlcplayer\src\vlcplayer\debug\moc\moc_mainwidget.cpp
f:\cpp_code\vlcplayer\src\vlcplayer\debug\moc\moc_registerwidget.cpp
f:\cpp_code\vlcplayer\src\vlcplayer\debug\rcc\qrc_vlcplayer.cpp
f:\cpp_code\vlcplayer\src\vlcplayer\debug\uic\ui_loginwidget.h
f:\cpp_code\vlcplayer\src\vlcplayer\debug\uic\ui_mainwidget.h
f:\cpp_code\vlcplayer\src\vlcplayer\debug\uic\ui_registerwidget.h
f:\cpp_code\vlcplayer\src\vlcplayer\debug\uic\ui_vlcplayer.h
f:\cpp_code\vlcplayer\src\vlcplayer\..\..\bin\vlcplayer.exe
f:\cpp_code\vlcplayer\src\vlcplayer\debug\vlcplayer.tlog\cl.10192.write.1.tlog
f:\cpp_code\vlcplayer\src\vlcplayer\debug\vlcplayer.tlog\cl.command.1.tlog
f:\cpp_code\vlcplayer\src\vlcplayer\debug\vlcplayer.tlog\cl.read.1.tlog
f:\cpp_code\vlcplayer\src\vlcplayer\debug\vlcplayer.tlog\link.command.1.tlog
f:\cpp_code\vlcplayer\src\vlcplayer\debug\vlcplayer.tlog\link.read.1.tlog
f:\cpp_code\vlcplayer\src\vlcplayer\debug\vlcplayer.tlog\link.write.1.tlog
f:\cpp_code\vlcplayer\src\vlcplayer\debug\vlcplayer.tlog\moc.read.1u.tlog
f:\cpp_code\vlcplayer\src\vlcplayer\debug\vlcplayer.tlog\moc.write.1u.tlog
f:\cpp_code\vlcplayer\src\vlcplayer\debug\vlcplayer.tlog\rcc.read.1u.tlog
f:\cpp_code\vlcplayer\src\vlcplayer\debug\vlcplayer.tlog\rcc.write.1u.tlog
f:\cpp_code\vlcplayer\src\vlcplayer\debug\vlcplayer.tlog\uic.read.1u.tlog
f:\cpp_code\vlcplayer\src\vlcplayer\debug\vlcplayer.tlog\uic.write.1u.tlog
f:\cpp_code\vlcplayer\src\vlcplayer\debug\vlcplayer.tlog\vlcplayer.write.1u.tlog
